Added Component: Designator=CS1()
Add component. Clean all parameters for all variants
Add component (AddParameter): Name = "ConfigurationParameters"; Value = "{}__sensorid[MutualCircle]{}inPadRadius[5]{}middlePadWidth[2]{}outPadWidth[2]{}"; VariantName = "[No Variations]"
Add component (AddParameter): Name = "ConfiguratorName"; Value = "MICROCHIP_TOUCH"; VariantName = "[No Variations]"
Added Component: Designator=CS2()
Add component. Clean all parameters for all variants
Add component (AddParameter): Name = "ConfigurationParameters"; Value = "{}__sensorid[MutualCircle]{}inPadDiameter[2]{}middlePadDiameter[1]{}outPadDiameter[4]{}"; VariantName = "[No Variations]"
Add component (AddParameter): Name = "ConfiguratorName"; Value = "MICROCHIP_TOUCH"; VariantName = "[No Variations]"
Added Component: Designator=CS3()
Add component. Clean all parameters for all variants
Add component (AddParameter): Name = "ConfigurationParameters"; Value = "{}__sensorid[MutualCircle]{}inPadDiameter[2]{}middlePadDiameter[1]{}outPadDiameter[4]{}"; VariantName = "[No Variations]"
Add component (AddParameter): Name = "ConfiguratorName"; Value = "MICROCHIP_TOUCH"; VariantName = "[No Variations]"
Added Component: Designator=CS4()
Add component. Clean all parameters for all variants
Add component (AddParameter): Name = "ConfigurationParameters"; Value = "{}__sensorid[MutualCircle]{}inPadDiameter[2]{}middlePadDiameter[1]{}outPadDiameter[4]{}"; VariantName = "[No Variations]"
Add component (AddParameter): Name = "ConfiguratorName"; Value = "MICROCHIP_TOUCH"; VariantName = "[No Variations]"
Added Component: Designator=P1(HDR1X5)
Add component. Clean all parameters for all variants
Add component (AddParameter): Name = "LatestRevisionDate"; Value = "17-Jul-2002"; VariantName = "[No Variations]"
Add component (AddParameter): Name = "LatestRevisionNote"; Value = "Re-released for DXP Platform."; VariantName = "[No Variations]"
Add component (AddParameter): Name = "Publisher"; Value = "Altium Limited"; VariantName = "[No Variations]"
Added Pin To Net: NetName=CS0 Pin=CS3-1
Added Pin To Net: NetName=CS0 Pin=P1-2
Added Net: Name=CS0
Added Pin To Net: NetName=CS1 Pin=CS4-1
Added Pin To Net: NetName=CS1 Pin=P1-3
Added Net: Name=CS1
Added Pin To Net: NetName=CS3 Pin=CS1-1
Added Pin To Net: NetName=CS3 Pin=P1-4
Added Net: Name=CS3
Added Pin To Net: NetName=CS4 Pin=CS2-1
Added Pin To Net: NetName=CS4 Pin=P1-5
Added Net: Name=CS4
Added Pin To Net: NetName=Guard Pin=CS1-2
Added Pin To Net: NetName=Guard Pin=CS2-2
Added Pin To Net: NetName=Guard Pin=CS3-2
Added Pin To Net: NetName=Guard Pin=CS4-2
Added Pin To Net: NetName=Guard Pin=P1-1
Added Net: Name=Guard
Added Class: Name=Touch
Added Room: Name=Touch
