Added Component: Designator=BT1(KSTN-3001_V)
Add component. Clean all parameters for all variants
Add component (AddParameter): Name = "Datasheet URL"; Value = "https://datasheet.ciiva.com/3/3001-3954.pdf"; VariantName = "[No Variations]"
Add component (AddParameter): Name = "Datasheet Version"; Value = "Rev. H, 09/2006"; VariantName = "[No Variations]"
Add component (AddParameter): Name = "Manufacturer"; Value = "Keystone"; VariantName = "[No Variations]"
Add component (AddParameter): Name = "Manufacturer URL"; Value = "http://www.keyelco.com/"; VariantName = "[No Variations]"
Add component (AddParameter): Name = "Mounting Technology"; Value = "ThroughHole"; VariantName = "[No Variations]"
Add component (AddParameter): Name = "Package Description"; Value = "2-Pin Through Hole Device, Body 13.21 x 12.07 mm"; VariantName = "[No Variations]"
Add component (AddParameter): Name = "Package Reference"; Value = "3001"; VariantName = "[No Variations]"
Added Component: Designator=C1(CAPC0603(1608)100_N)
Add component. Clean all parameters for all variants
Add component (AddParameter): Name = "Case-EIA"; Value = "0603"; VariantName = "[No Variations]"
Add component (AddParameter): Name = "Case-Metric"; Value = "1608"; VariantName = "[No Variations]"
Add component (AddParameter): Name = "Max Thickness"; Value = "1 mm"; VariantName = "[No Variations]"
Add component (AddParameter): Name = "Rated Voltage"; Value = "16 V"; VariantName = "[No Variations]"
Add component (AddParameter): Name = "Technology"; Value = "SMT"; VariantName = "[No Variations]"
Add component (AddParameter): Name = "Tolerance"; Value = "Â±5%"; VariantName = "[No Variations]"
Add component (AddParameter): Name = "Value"; Value = "22pF"; VariantName = "[No Variations]"
Added Component: Designator=C2(CAPC0603(1608)100_N)
Add component. Clean all parameters for all variants
Add component (AddParameter): Name = "Case-EIA"; Value = "0603"; VariantName = "[No Variations]"
Add component (AddParameter): Name = "Case-Metric"; Value = "1608"; VariantName = "[No Variations]"
Add component (AddParameter): Name = "Max Thickness"; Value = "1 mm"; VariantName = "[No Variations]"
Add component (AddParameter): Name = "Rated Voltage"; Value = "16 V"; VariantName = "[No Variations]"
Add component (AddParameter): Name = "Technology"; Value = "SMT"; VariantName = "[No Variations]"
Add component (AddParameter): Name = "Tolerance"; Value = "Â±5%"; VariantName = "[No Variations]"
Add component (AddParameter): Name = "Value"; Value = "22pF"; VariantName = "[No Variations]"
Added Component: Designator=C3(CAPC0603(1608)100_M)
Add component. Clean all parameters for all variants
Add component (AddParameter): Name = "Case-EIA"; Value = "0603"; VariantName = "[No Variations]"
Add component (AddParameter): Name = "Case-Metric"; Value = "1608"; VariantName = "[No Variations]"
Add component (AddParameter): Name = "Max Thickness"; Value = "1 mm"; VariantName = "[No Variations]"
Add component (AddParameter): Name = "Rated Voltage"; Value = "16 V"; VariantName = "[No Variations]"
Add component (AddParameter): Name = "Technology"; Value = "SMT"; VariantName = "[No Variations]"
Add component (AddParameter): Name = "Tolerance"; Value = "Â±5%"; VariantName = "[No Variations]"
Add component (AddParameter): Name = "Value"; Value = "100nF"; VariantName = "[No Variations]"
Added Component: Designator=C4(CAPC0603(1608)100_M)
Add component. Clean all parameters for all variants
Add component (AddParameter): Name = "Case-EIA"; Value = "0603"; VariantName = "[No Variations]"
Add component (AddParameter): Name = "Case-Metric"; Value = "1608"; VariantName = "[No Variations]"
Add component (AddParameter): Name = "Max Thickness"; Value = "1 mm"; VariantName = "[No Variations]"
Add component (AddParameter): Name = "Rated Voltage"; Value = "16 V"; VariantName = "[No Variations]"
Add component (AddParameter): Name = "Technology"; Value = "SMT"; VariantName = "[No Variations]"
Add component (AddParameter): Name = "Tolerance"; Value = "Â±5%"; VariantName = "[No Variations]"
Add component (AddParameter): Name = "Value"; Value = "100nF"; VariantName = "[No Variations]"
Added Component: Designator=C5(CAPC0603(1608)100_M)
Add component. Clean all parameters for all variants
Add component (AddParameter): Name = "Case-EIA"; Value = "0603"; VariantName = "[No Variations]"
Add component (AddParameter): Name = "Case-Metric"; Value = "1608"; VariantName = "[No Variations]"
Add component (AddParameter): Name = "Max Thickness"; Value = "1 mm"; VariantName = "[No Variations]"
Add component (AddParameter): Name = "Rated Voltage"; Value = "16 V"; VariantName = "[No Variations]"
Add component (AddParameter): Name = "Technology"; Value = "SMT"; VariantName = "[No Variations]"
Add component (AddParameter): Name = "Tolerance"; Value = "Â±5%"; VariantName = "[No Variations]"
Add component (AddParameter): Name = "Value"; Value = "100nF"; VariantName = "[No Variations]"
Added Component: Designator=C6(CAPC1608X90X20LL10)
Add component. Clean all parameters for all variants
Add component (AddParameter): Name = "Applications"; Value = "GeneralPurpose"; VariantName = "[No Variations]"
Add component (AddParameter): Name = "Capacitance"; Value = "1µF"; VariantName = "[No Variations]"
Add component (AddParameter): Name = "Category"; Value = "Capacitors"; VariantName = "[No Variations]"
Add component (AddParameter): Name = "Datasheet URL"; Value = "https://product.tdk.com/info/en/catalog/datasheets/mlcc_commercial_general_en.pdf"; VariantName = "[No Variations]"
Add component (AddParameter): Name = "Datasheet Version"; Value = "08/2016"; VariantName = "[No Variations]"
Add component (AddParameter): Name = "Design Resources"; Value = "20WNon-IsolatedBuckLEDDriverUsingPLLNK460KG"; VariantName = "[No Variations]"
Add component (AddParameter): Name = "Family"; Value = "CeramicCapacitors"; VariantName = "[No Variations]"
Add component (AddParameter): Name = "Features"; Value = "-"; VariantName = "[No Variations]"
Add component (AddParameter): Name = "Height - Seated (Max)"; Value = "-"; VariantName = "[No Variations]"
Add component (AddParameter): Name = "Lead Spacing"; Value = "-"; VariantName = "[No Variations]"
Add component (AddParameter): Name = "Lead Style"; Value = "-"; VariantName = "[No Variations]"
Add component (AddParameter): Name = "Manufacturer"; Value = "TDK"; VariantName = "[No Variations]"
Add component (AddParameter): Name = "Manufacturer URL"; Value = "http://www.tdk.com/"; VariantName = "[No Variations]"
Add component (AddParameter): Name = "Mounting Technology"; Value = "SurfaceMount"; VariantName = "[No Variations]"
Add component (AddParameter): Name = "Mounting Type"; Value = "SurfaceMount,MLCC"; VariantName = "[No Variations]"
Add component (AddParameter): Name = "Online Catalog"; Value = "CSeries,GeneralPurpose"; VariantName = "[No Variations]"
Add component (AddParameter): Name = "Operating Temperature"; Value = "-55°C~85°C"; VariantName = "[No Variations]"
Add component (AddParameter): Name = "Other Names"; Value = "445-7468-6"; VariantName = "[No Variations]"
Add component (AddParameter): Name = "Package / Case"; Value = "0603(1608Metric)"; VariantName = "[No Variations]"
Add component (AddParameter): Name = "Package Description"; Value = "2-Pin Surface Mount Device, Body 1.6 x 0.8 mm"; VariantName = "[No Variations]"
Add component (AddParameter): Name = "Package Reference"; Value = "0603"; VariantName = "[No Variations]"
Add component (AddParameter): Name = "Packaging"; Value = "Digi-Reel®  "; VariantName = "[No Variations]"
Add component (AddParameter): Name = "PCN Part Number"; Value = "MLCCPartNumberChange30/Nov/2012"; VariantName = "[No Variations]"
Add component (AddParameter): Name = "Product Training Modules"; Value = "CSeriesGeneralApplicationsSEAT,CCV,andTVCLDesignToolsGuidetoReplacinganElectrolyticCapacitorwithanMLCC"; VariantName = "[No Variations]"
Add component (AddParameter): Name = "Ratings"; Value = "-"; VariantName = "[No Variations]"
Add component (AddParameter): Name = "RoHS Information"; Value = "RoHSCertificate-MLCC"; VariantName = "[No Variations]"
Add component (AddParameter): Name = "Series"; Value = "C"; VariantName = "[No Variations]"
Add component (AddParameter): Name = "Size / Dimension"; Value = "0.063"Lx0.031"W(1.60mmx0.80mm)"; VariantName = "[No Variations]"
Add component (AddParameter): Name = "Standard Package"; Value = "1"; VariantName = "[No Variations]"
Add component (AddParameter): Name = "Temperature Coefficient"; Value = "X5R"; VariantName = "[No Variations]"
Add component (AddParameter): Name = "Thickness (Max)"; Value = "0.035"(0.90mm)"; VariantName = "[No Variations]"
Add component (AddParameter): Name = "Tolerance"; Value = "±10%"; VariantName = "[No Variations]"
Add component (AddParameter): Name = "Voltage - Rated"; Value = "50V"; VariantName = "[No Variations]"
Added Component: Designator=C7(CAPC1608X90X35NL10T15)
Add component. Clean all parameters for all variants
Add component (AddParameter): Name = "Manufacturer"; Value = "Murata"; VariantName = "[No Variations]"
Add component (AddParameter): Name = "Part Number"; Value = "GRM188R61E475KE11D"; VariantName = "[No Variations]"
Added Component: Designator=C8(CAPC0603(1608)100_N)
Add component. Clean all parameters for all variants
Add component (AddParameter): Name = "Case-EIA"; Value = "0603"; VariantName = "[No Variations]"
Add component (AddParameter): Name = "Case-Metric"; Value = "1608"; VariantName = "[No Variations]"
Add component (AddParameter): Name = "Max Thickness"; Value = "1 mm"; VariantName = "[No Variations]"
Add component (AddParameter): Name = "Rated Voltage"; Value = "16 V"; VariantName = "[No Variations]"
Add component (AddParameter): Name = "Technology"; Value = "SMT"; VariantName = "[No Variations]"
Add component (AddParameter): Name = "Tolerance"; Value = "Â±10%"; VariantName = "[No Variations]"
Add component (AddParameter): Name = "Value"; Value = "100nF"; VariantName = "[No Variations]"
Added Component: Designator=C9(CAPC0603(1608)100_N)
Add component. Clean all parameters for all variants
Add component (AddParameter): Name = "Case-EIA"; Value = "0603"; VariantName = "[No Variations]"
Add component (AddParameter): Name = "Case-Metric"; Value = "1608"; VariantName = "[No Variations]"
Add component (AddParameter): Name = "Max Thickness"; Value = "1 mm"; VariantName = "[No Variations]"
Add component (AddParameter): Name = "Rated Voltage"; Value = "16 V"; VariantName = "[No Variations]"
Add component (AddParameter): Name = "Technology"; Value = "SMT"; VariantName = "[No Variations]"
Add component (AddParameter): Name = "Tolerance"; Value = "Â±10%"; VariantName = "[No Variations]"
Add component (AddParameter): Name = "Value"; Value = "100nF"; VariantName = "[No Variations]"
Added Component: Designator=C10(CAPC0603(1608)100_N)
Add component. Clean all parameters for all variants
Add component (AddParameter): Name = "Case-EIA"; Value = "0603"; VariantName = "[No Variations]"
Add component (AddParameter): Name = "Case-Metric"; Value = "1608"; VariantName = "[No Variations]"
Add component (AddParameter): Name = "Max Thickness"; Value = "1 mm"; VariantName = "[No Variations]"
Add component (AddParameter): Name = "Rated Voltage"; Value = "16 V"; VariantName = "[No Variations]"
Add component (AddParameter): Name = "Technology"; Value = "SMT"; VariantName = "[No Variations]"
Add component (AddParameter): Name = "Tolerance"; Value = "Â±10%"; VariantName = "[No Variations]"
Add component (AddParameter): Name = "Value"; Value = "100nF"; VariantName = "[No Variations]"
Added Component: Designator=C11(CAPC0603(1608)100_N)
Add component. Clean all parameters for all variants
Add component (AddParameter): Name = "Case-EIA"; Value = "0603"; VariantName = "[No Variations]"
Add component (AddParameter): Name = "Case-Metric"; Value = "1608"; VariantName = "[No Variations]"
Add component (AddParameter): Name = "Max Thickness"; Value = "1 mm"; VariantName = "[No Variations]"
Add component (AddParameter): Name = "Rated Voltage"; Value = "16 V"; VariantName = "[No Variations]"
Add component (AddParameter): Name = "Technology"; Value = "SMT"; VariantName = "[No Variations]"
Add component (AddParameter): Name = "Tolerance"; Value = "Â±10%"; VariantName = "[No Variations]"
Add component (AddParameter): Name = "Value"; Value = "100nF"; VariantName = "[No Variations]"
Added Component: Designator=C12(CAPC0603(1608)100_N)
Add component. Clean all parameters for all variants
Add component (AddParameter): Name = "Case-EIA"; Value = "0603"; VariantName = "[No Variations]"
Add component (AddParameter): Name = "Case-Metric"; Value = "1608"; VariantName = "[No Variations]"
Add component (AddParameter): Name = "Max Thickness"; Value = "1 mm"; VariantName = "[No Variations]"
Add component (AddParameter): Name = "Rated Voltage"; Value = "16 V"; VariantName = "[No Variations]"
Add component (AddParameter): Name = "Technology"; Value = "SMT"; VariantName = "[No Variations]"
Add component (AddParameter): Name = "Tolerance"; Value = "Â±10%"; VariantName = "[No Variations]"
Add component (AddParameter): Name = "Value"; Value = "100nF"; VariantName = "[No Variations]"
Added Component: Designator=C13(CAPC0603(1608)100_N)
Add component. Clean all parameters for all variants
Add component (AddParameter): Name = "Case-EIA"; Value = "0603"; VariantName = "[No Variations]"
Add component (AddParameter): Name = "Case-Metric"; Value = "1608"; VariantName = "[No Variations]"
Add component (AddParameter): Name = "Max Thickness"; Value = "1 mm"; VariantName = "[No Variations]"
Add component (AddParameter): Name = "Rated Voltage"; Value = "16 V"; VariantName = "[No Variations]"
Add component (AddParameter): Name = "Technology"; Value = "SMT"; VariantName = "[No Variations]"
Add component (AddParameter): Name = "Tolerance"; Value = "Â±10%"; VariantName = "[No Variations]"
Add component (AddParameter): Name = "Value"; Value = "100nF"; VariantName = "[No Variations]"
Added Component: Designator=C14(CAPC0603(1608)100_N)
Add component. Clean all parameters for all variants
Add component (AddParameter): Name = "Case-EIA"; Value = "0603"; VariantName = "[No Variations]"
Add component (AddParameter): Name = "Case-Metric"; Value = "1608"; VariantName = "[No Variations]"
Add component (AddParameter): Name = "Max Thickness"; Value = "1 mm"; VariantName = "[No Variations]"
Add component (AddParameter): Name = "Rated Voltage"; Value = "16 V"; VariantName = "[No Variations]"
Add component (AddParameter): Name = "Technology"; Value = "SMT"; VariantName = "[No Variations]"
Add component (AddParameter): Name = "Tolerance"; Value = "Â±10%"; VariantName = "[No Variations]"
Add component (AddParameter): Name = "Value"; Value = "100nF"; VariantName = "[No Variations]"
Added Component: Designator=C15(CAPC0603(1608)100_N)
Add component. Clean all parameters for all variants
Add component (AddParameter): Name = "Case-EIA"; Value = "0603"; VariantName = "[No Variations]"
Add component (AddParameter): Name = "Case-Metric"; Value = "1608"; VariantName = "[No Variations]"
Add component (AddParameter): Name = "Max Thickness"; Value = "1 mm"; VariantName = "[No Variations]"
Add component (AddParameter): Name = "Rated Voltage"; Value = "16 V"; VariantName = "[No Variations]"
Add component (AddParameter): Name = "Technology"; Value = "SMT"; VariantName = "[No Variations]"
Add component (AddParameter): Name = "Tolerance"; Value = "Â±10%"; VariantName = "[No Variations]"
Add component (AddParameter): Name = "Value"; Value = "100nF"; VariantName = "[No Variations]"
Added Component: Designator=C16(CAPC0603(1608)100_N)
Add component. Clean all parameters for all variants
Add component (AddParameter): Name = "Case-EIA"; Value = "0603"; VariantName = "[No Variations]"
Add component (AddParameter): Name = "Case-Metric"; Value = "1608"; VariantName = "[No Variations]"
Add component (AddParameter): Name = "Max Thickness"; Value = "1 mm"; VariantName = "[No Variations]"
Add component (AddParameter): Name = "Rated Voltage"; Value = "16 V"; VariantName = "[No Variations]"
Add component (AddParameter): Name = "Technology"; Value = "SMT"; VariantName = "[No Variations]"
Add component (AddParameter): Name = "Tolerance"; Value = "Â±10%"; VariantName = "[No Variations]"
Add component (AddParameter): Name = "Value"; Value = "100nF"; VariantName = "[No Variations]"
Added Component: Designator=C17(CAPC0603(1608)100_N)
Add component. Clean all parameters for all variants
Add component (AddParameter): Name = "Case-EIA"; Value = "0603"; VariantName = "[No Variations]"
Add component (AddParameter): Name = "Case-Metric"; Value = "1608"; VariantName = "[No Variations]"
Add component (AddParameter): Name = "Max Thickness"; Value = "1 mm"; VariantName = "[No Variations]"
Add component (AddParameter): Name = "Rated Voltage"; Value = "16 V"; VariantName = "[No Variations]"
Add component (AddParameter): Name = "Technology"; Value = "SMT"; VariantName = "[No Variations]"
Add component (AddParameter): Name = "Tolerance"; Value = "Â±10%"; VariantName = "[No Variations]"
Add component (AddParameter): Name = "Value"; Value = "100nF"; VariantName = "[No Variations]"
Added Component: Designator=C18(CAPC0603(1608)100_M)
Add component. Clean all parameters for all variants
Add component (AddParameter): Name = "Case-EIA"; Value = "0603"; VariantName = "[No Variations]"
Add component (AddParameter): Name = "Case-Metric"; Value = "1608"; VariantName = "[No Variations]"
Add component (AddParameter): Name = "Max Thickness"; Value = "1 mm"; VariantName = "[No Variations]"
Add component (AddParameter): Name = "Rated Voltage"; Value = "16 V"; VariantName = "[No Variations]"
Add component (AddParameter): Name = "Technology"; Value = "SMT"; VariantName = "[No Variations]"
Add component (AddParameter): Name = "Tolerance"; Value = "Â±5%"; VariantName = "[No Variations]"
Add component (AddParameter): Name = "Value"; Value = "100nF"; VariantName = "[No Variations]"
Added Component: Designator=C19(CAPC0603(1608)100_M)
Add component. Clean all parameters for all variants
Add component (AddParameter): Name = "Case-EIA"; Value = "0603"; VariantName = "[No Variations]"
Add component (AddParameter): Name = "Case-Metric"; Value = "1608"; VariantName = "[No Variations]"
Add component (AddParameter): Name = "Max Thickness"; Value = "1 mm"; VariantName = "[No Variations]"
Add component (AddParameter): Name = "Rated Voltage"; Value = "16 V"; VariantName = "[No Variations]"
Add component (AddParameter): Name = "Technology"; Value = "SMT"; VariantName = "[No Variations]"
Add component (AddParameter): Name = "Tolerance"; Value = "Â±5%"; VariantName = "[No Variations]"
Add component (AddParameter): Name = "Value"; Value = "100nF"; VariantName = "[No Variations]"
Added Component: Designator=C20(NIC-CAPA2-4X5.8_V)
Add component. Clean all parameters for all variants
Add component (AddParameter): Name = "ComponentLink1Description"; Value = "Manufacturer URL"; VariantName = "[No Variations]"
Add component (AddParameter): Name = "ComponentLink1URL"; Value = "http://www.nichicon.co.jp/"; VariantName = "[No Variations]"
Add component (AddParameter): Name = "ComponentLink2Description"; Value = "Datasheet"; VariantName = "[No Variations]"
Add component (AddParameter): Name = "ComponentLink2URL"; Value = "http://products.nichicon.co.jp/en/pdf/XJA043/e-ud.pdf"; VariantName = "[No Variations]"
Add component (AddParameter): Name = "ComponentLink3Description"; Value = "Package Specification"; VariantName = "[No Variations]"
Add component (AddParameter): Name = "ComponentLink3URL"; Value = "http://products.nichicon.co.jp/en/pdf/XJA043/e-ud.pdf"; VariantName = "[No Variations]"
Add component (AddParameter): Name = "DatasheetVersion"; Value = "08/2012"; VariantName = "[No Variations]"
Add component (AddParameter): Name = "Diameter"; Value = "4 mm"; VariantName = "[No Variations]"
Add component (AddParameter): Name = "Endurance Time"; Value = "2000 h"; VariantName = "[No Variations]"
Add component (AddParameter): Name = "Impedance"; Value = "1.8 Ohm"; VariantName = "[No Variations]"
Add component (AddParameter): Name = "Length"; Value = "5.8 mm"; VariantName = "[No Variations]"
Add component (AddParameter): Name = "Manufacturer"; Value = "Nichicon"; VariantName = "[No Variations]"
Add component (AddParameter): Name = "Mounting Technology"; Value = "Surface Mount"; VariantName = "[No Variations]"
Add component (AddParameter): Name = "PackageDescription"; Value = "2-Pin Surface Mount Device, Diameter 4 mm, Height 5.8 mm, Pitch 3.6 mm"; VariantName = "[No Variations]"
Add component (AddParameter): Name = "PackageReference"; Value = "CAPAE-D4H5.8"; VariantName = "[No Variations]"
Add component (AddParameter): Name = "Packing"; Value = "Dia382mm Reel"; VariantName = "[No Variations]"
Add component (AddParameter): Name = "PartNumber"; Value = "UUD1V4R7MCL1GS"; VariantName = "[No Variations]"
Add component (AddParameter): Name = "Rated Capacitance"; Value = "4.7 uF"; VariantName = "[No Variations]"
Add component (AddParameter): Name = "Rated Ripple Current (at 100kHz)"; Value = "80 mA"; VariantName = "[No Variations]"
Add component (AddParameter): Name = "Rated Voltage"; Value = "35 V"; VariantName = "[No Variations]"
Add component (AddParameter): Name = "RoHS"; Value = "TRUE"; VariantName = "[No Variations]"
Add component (AddParameter): Name = "Tolerance Rated Capacitance"; Value = "-20 to 20%"; VariantName = "[No Variations]"
Added Component: Designator=C21(CAPC0603(1608)100_M)
Add component. Clean all parameters for all variants
Add component (AddParameter): Name = "Case-EIA"; Value = "0603"; VariantName = "[No Variations]"
Add component (AddParameter): Name = "Case-Metric"; Value = "1608"; VariantName = "[No Variations]"
Add component (AddParameter): Name = "Max Thickness"; Value = "1 mm"; VariantName = "[No Variations]"
Add component (AddParameter): Name = "Rated Voltage"; Value = "16 V"; VariantName = "[No Variations]"
Add component (AddParameter): Name = "Technology"; Value = "SMT"; VariantName = "[No Variations]"
Add component (AddParameter): Name = "Tolerance"; Value = "Â±5%"; VariantName = "[No Variations]"
Add component (AddParameter): Name = "Value"; Value = "100nF"; VariantName = "[No Variations]"
Added Component: Designator=C22(CAPC0603(1608)100_M)
Add component. Clean all parameters for all variants
Add component (AddParameter): Name = "Case-EIA"; Value = "0603"; VariantName = "[No Variations]"
Add component (AddParameter): Name = "Case-Metric"; Value = "1608"; VariantName = "[No Variations]"
Add component (AddParameter): Name = "Max Thickness"; Value = "1 mm"; VariantName = "[No Variations]"
Add component (AddParameter): Name = "Rated Voltage"; Value = "10 V"; VariantName = "[No Variations]"
Add component (AddParameter): Name = "Technology"; Value = "SMT"; VariantName = "[No Variations]"
Add component (AddParameter): Name = "Tolerance"; Value = "Â±10%"; VariantName = "[No Variations]"
Add component (AddParameter): Name = "Value"; Value = "10nF"; VariantName = "[No Variations]"
Added Component: Designator=C23(CAPC0603(1608)100_M)
Add component. Clean all parameters for all variants
Add component (AddParameter): Name = "Case-EIA"; Value = "0603"; VariantName = "[No Variations]"
Add component (AddParameter): Name = "Case-Metric"; Value = "1608"; VariantName = "[No Variations]"
Add component (AddParameter): Name = "Max Thickness"; Value = "1 mm"; VariantName = "[No Variations]"
Add component (AddParameter): Name = "Rated Voltage"; Value = "16 V"; VariantName = "[No Variations]"
Add component (AddParameter): Name = "Technology"; Value = "SMT"; VariantName = "[No Variations]"
Add component (AddParameter): Name = "Tolerance"; Value = "Â±5%"; VariantName = "[No Variations]"
Add component (AddParameter): Name = "Value"; Value = "100nF"; VariantName = "[No Variations]"
Added Component: Designator=FB1(MURA-BLM18PG_KG-CHIP-2_V1)
Add component. Clean all parameters for all variants
Add component (AddParameter): Name = "ComponentLink1Description"; Value = "Manufacturer URL"; VariantName = "[No Variations]"
Add component (AddParameter): Name = "ComponentLink1URL"; Value = "http://www.murata.com/"; VariantName = "[No Variations]"
Add component (AddParameter): Name = "ComponentLink2Description"; Value = "Datasheet"; VariantName = "[No Variations]"
Add component (AddParameter): Name = "ComponentLink2URL"; Value = "http://www.murata.com/products/catalog/pdf/c31e.pdf"; VariantName = "[No Variations]"
Add component (AddParameter): Name = "ComponentLink3Description"; Value = "Package Specification"; VariantName = "[No Variations]"
Add component (AddParameter): Name = "ComponentLink3URL"; Value = "http://www.murata.com/products/catalog/pdf/c31e.pdf"; VariantName = "[No Variations]"
Add component (AddParameter): Name = "DatasheetVersion"; Value = "08/2013"; VariantName = "[No Variations]"
Add component (AddParameter): Name = "DC Resistance"; Value = "0.05 Ohm Max."; VariantName = "[No Variations]"
Add component (AddParameter): Name = "Impedance (at 100 MHz)"; Value = "30 Ohm Typ."; VariantName = "[No Variations]"
Add component (AddParameter): Name = "Manufacturer"; Value = "Murata"; VariantName = "[No Variations]"
Add component (AddParameter): Name = "Mounting Technology"; Value = "Surface Mount"; VariantName = "[No Variations]"
Add component (AddParameter): Name = "Operating Temperature Range"; Value = "-55 to 125 degC"; VariantName = "[No Variations]"
Add component (AddParameter): Name = "PackageDescription"; Value = "2-Pin Chip, Body 1.6 x 0.8 mm"; VariantName = "[No Variations]"
Add component (AddParameter): Name = "PackageReference"; Value = "BLM18_H950-2"; VariantName = "[No Variations]"
Add component (AddParameter): Name = "Packing"; Value = "Tape and Reel"; VariantName = "[No Variations]"
Add component (AddParameter): Name = "PartNumber"; Value = "BLM18PG300SN1D"; VariantName = "[No Variations]"
Add component (AddParameter): Name = "Rated Current"; Value = "1000 mA"; VariantName = "[No Variations]"
Added Component: Designator=ISP1(HDR2X3)
Add component. Clean all parameters for all variants
Add component (AddParameter): Name = "LatestRevisionDate"; Value = "17-Jul-2002"; VariantName = "[No Variations]"
Add component (AddParameter): Name = "LatestRevisionNote"; Value = "Re-released for DXP Platform."; VariantName = "[No Variations]"
Add component (AddParameter): Name = "Publisher"; Value = "Altium Limited"; VariantName = "[No Variations]"
Added Component: Designator=J1(TECO-1981568-5_V)
Add component. Clean all parameters for all variants
Add component (AddParameter): Name = "Body Orientation"; Value = "RightAngle"; VariantName = "[No Variations]"
Add component (AddParameter): Name = "Contact Material"; Value = "CopperAlloy"; VariantName = "[No Variations]"
Add component (AddParameter): Name = "Contact Plating"; Value = "GoldOverNickel"; VariantName = "[No Variations]"
Add component (AddParameter): Name = "Current Rating (Max)"; Value = "1/ContactA"; VariantName = "[No Variations]"
Add component (AddParameter): Name = "Datasheet URL"; Value = "http://www.mouser.com/ds/2/418/NG_CD_1981568_E2-621296.pdf"; VariantName = "[No Variations]"
Add component (AddParameter): Name = "Datasheet Version"; Value = "Rev. E2, 08/2015"; VariantName = "[No Variations]"
Add component (AddParameter): Name = "Gender"; Value = "RCP"; VariantName = "[No Variations]"
Add component (AddParameter): Name = "Housing Material"; Value = "Thermoplastic"; VariantName = "[No Variations]"
Add component (AddParameter): Name = "Manufacturer"; Value = "TE Connectivity"; VariantName = "[No Variations]"
Add component (AddParameter): Name = "Manufacturer URL"; Value = "http://www.te.com/"; VariantName = "[No Variations]"
Add component (AddParameter): Name = "Mounting Style"; Value = "SurfaceMount"; VariantName = "[No Variations]"
Add component (AddParameter): Name = "Number of Contacts"; Value = "5POS"; VariantName = "[No Variations]"
Add component (AddParameter): Name = "Number of Ports"; Value = "1Port"; VariantName = "[No Variations]"
Add component (AddParameter): Name = "Number of Terminals"; Value = "5"; VariantName = "[No Variations]"
Add component (AddParameter): Name = "Operating Temperature Max Deg. C"; Value = "85C"; VariantName = "[No Variations]"
Add component (AddParameter): Name = "Operating Temperature Min Deg. C"; Value = "-55C"; VariantName = "[No Variations]"
Add component (AddParameter): Name = "Operating Temp Range"; Value = "-55Cto85C"; VariantName = "[No Variations]"
Add component (AddParameter): Name = "Packaging"; Value = "TapeandReel"; VariantName = "[No Variations]"
Add component (AddParameter): Name = "Pitch (mm)"; Value = "0.65mm"; VariantName = "[No Variations]"
Add component (AddParameter): Name = "Product Depth (mm)"; Value = "5.6mm"; VariantName = "[No Variations]"
Add component (AddParameter): Name = "Product Height (mm)"; Value = "3mm"; VariantName = "[No Variations]"
Add component (AddParameter): Name = "Product Length (mm)"; Value = "8mm"; VariantName = "[No Variations]"
Add component (AddParameter): Name = "Termination Method"; Value = "Solder"; VariantName = "[No Variations]"
Add component (AddParameter): Name = "Type"; Value = "MicroUSB"; VariantName = "[No Variations]"
Add component (AddParameter): Name = "Voltage Rating Max"; Value = "30VAC"; VariantName = "[No Variations]"
Added Component: Designator=L1(0603)
Add component. Clean all parameters for all variants
Add component (AddParameter): Name = "Code_IEC"; Value = "1005"; VariantName = "[No Variations]"
Add component (AddParameter): Name = "Code_JEITA"; Value = "0402"; VariantName = "[No Variations]"
Add component (AddParameter): Name = "LatestRevisionDate"; Value = "29-May-2009"; VariantName = "[No Variations]"
Add component (AddParameter): Name = "LatestRevisionNote"; Value = "IPC-7351 Footprint Added."; VariantName = "[No Variations]"
Add component (AddParameter): Name = "PackageDescription"; Value = "Chip Inductor"; VariantName = "[No Variations]"
Add component (AddParameter): Name = "PackageReference"; Value = "0402-A"; VariantName = "[No Variations]"
Add component (AddParameter): Name = "Published"; Value = "8-Jun-2000"; VariantName = "[No Variations]"
Add component (AddParameter): Name = "Publisher"; Value = "Altium Limited"; VariantName = "[No Variations]"
Add component (AddParameter): Name = "Value"; Value = "10µH"; VariantName = "[No Variations]"
Added Component: Designator=LED1(0603_A)
Add component. Clean all parameters for all variants
Add component (AddParameter): Name = "Color"; Value = "Red"; VariantName = "[No Variations]"
Add component (AddParameter): Name = "ComponentLink1Description"; Value = "Manufacturer URL"; VariantName = "[No Variations]"
Add component (AddParameter): Name = "ComponentLink1URL"; Value = "http://www.we-online.com"; VariantName = "[No Variations]"
Add component (AddParameter): Name = "ComponentLink2Description"; Value = "Datasheet"; VariantName = "[No Variations]"
Add component (AddParameter): Name = "ComponentLink2URL"; Value = "http://katalog.we-online.com/led/datasheet/150060RS75000.pdf"; VariantName = "[No Variations]"
Add component (AddParameter): Name = "Manufacturer"; Value = "Wuerth Elektronik"; VariantName = "[No Variations]"
Add component (AddParameter): Name = "PackageReference"; Value = "0603_A"; VariantName = "[No Variations]"
Add component (AddParameter): Name = "PartNumber"; Value = "150060RS75000"; VariantName = "[No Variations]"
Added Component: Designator=LED2(0603_A)
Add component. Clean all parameters for all variants
Add component (AddParameter): Name = "Color"; Value = "Red"; VariantName = "[No Variations]"
Add component (AddParameter): Name = "ComponentLink1Description"; Value = "Manufacturer URL"; VariantName = "[No Variations]"
Add component (AddParameter): Name = "ComponentLink1URL"; Value = "http://www.we-online.com"; VariantName = "[No Variations]"
Add component (AddParameter): Name = "ComponentLink2Description"; Value = "Datasheet"; VariantName = "[No Variations]"
Add component (AddParameter): Name = "ComponentLink2URL"; Value = "http://katalog.we-online.com/led/datasheet/150060RS75000.pdf"; VariantName = "[No Variations]"
Add component (AddParameter): Name = "Manufacturer"; Value = "Wuerth Elektronik"; VariantName = "[No Variations]"
Add component (AddParameter): Name = "PackageReference"; Value = "0603_A"; VariantName = "[No Variations]"
Add component (AddParameter): Name = "PartNumber"; Value = "150060RS75000"; VariantName = "[No Variations]"
Added Component: Designator=LED3(LITE-ON-LTST-C191KRKT-2_V)
Add component. Clean all parameters for all variants
Add component (AddParameter): Name = "Chip Material"; Value = "AlGaInP"; VariantName = "[No Variations]"
Add component (AddParameter): Name = "Datasheet URL"; Value = "http://download.siliconexpert.com/pdfs/2007/08/26/semi_b/manual/lot/ds/ltst-c191kgkt.pdf"; VariantName = "[No Variations]"
Add component (AddParameter): Name = "Datasheet Version"; Value = "Jan-07"; VariantName = "[No Variations]"
Add component (AddParameter): Name = "DELETED"; Value = "Compliant"; VariantName = "[No Variations]"
Add component (AddParameter): Name = "Dominant Wave Length"; Value = "571nm"; VariantName = "[No Variations]"
Add component (AddParameter): Name = "Emitting Color"; Value = "YellowGreen"; VariantName = "[No Variations]"
Add component (AddParameter): Name = "Forward Current"; Value = "30mA"; VariantName = "[No Variations]"
Add component (AddParameter): Name = "Forward Voltage"; Value = "2.4V"; VariantName = "[No Variations]"
Add component (AddParameter): Name = "High Brightness"; Value = "Yes"; VariantName = "[No Variations]"
Add component (AddParameter): Name = "Lens Dimensions"; Value = "1.1X0.8X0.37mm"; VariantName = "[No Variations]"
Add component (AddParameter): Name = "Luminous Intensity"; Value = "35mcd"; VariantName = "[No Variations]"
Add component (AddParameter): Name = "Lum Intensity"; Value = "35mcd"; VariantName = "[No Variations]"
Add component (AddParameter): Name = "Main Category"; Value = "ChipLED"; VariantName = "[No Variations]"
Add component (AddParameter): Name = "Manufacturer"; Value = "Lite-On"; VariantName = "[No Variations]"
Add component (AddParameter): Name = "Manufacturer URL"; Value = "http://www.us.liteon.com/"; VariantName = "[No Variations]"
Add component (AddParameter): Name = "Mounting"; Value = "SurfaceMount"; VariantName = "[No Variations]"
Add component (AddParameter): Name = "Number of Elements"; Value = "1"; VariantName = "[No Variations]"
Add component (AddParameter): Name = "Operating Temperature Classification"; Value = "Industrial"; VariantName = "[No Variations]"
Add component (AddParameter): Name = "Operating Temp Range"; Value = "-55Cto85C"; VariantName = "[No Variations]"
Add component (AddParameter): Name = "Package Type"; Value = "ChipLed"; VariantName = "[No Variations]"
Add component (AddParameter): Name = "Packaging"; Value = "TapeandReel"; VariantName = "[No Variations]"
Add component (AddParameter): Name = "Peak Wavelength"; Value = "574nm"; VariantName = "[No Variations]"
Add component (AddParameter): Name = "Pin Count"; Value = "2"; VariantName = "[No Variations]"
Add component (AddParameter): Name = "Power Dissipation"; Value = "75W"; VariantName = "[No Variations]"
Add component (AddParameter): Name = "Product Depth (mm)"; Value = "0.8mm"; VariantName = "[No Variations]"
Add component (AddParameter): Name = "Product Height (mm)"; Value = "0.55mm"; VariantName = "[No Variations]"
Add component (AddParameter): Name = "Product Length (mm)"; Value = "1.6mm"; VariantName = "[No Variations]"
Add component (AddParameter): Name = "Rad Hardened"; Value = "No"; VariantName = "[No Variations]"
Add component (AddParameter): Name = "Reverse Voltage"; Value = "5V"; VariantName = "[No Variations]"
Add component (AddParameter): Name = "Shape Type"; Value = "Rectangular"; VariantName = "[No Variations]"
Add component (AddParameter): Name = "Test Current (It)"; Value = "20mA"; VariantName = "[No Variations]"
Add component (AddParameter): Name = "Type"; Value = "Uni-Color"; VariantName = "[No Variations]"
Add component (AddParameter): Name = "Viewing Angle"; Value = "130deg"; VariantName = "[No Variations]"
Added Component: Designator=P1(HDR1X2)
Add component. Clean all parameters for all variants
Add component (AddParameter): Name = "LatestRevisionDate"; Value = "17-Jul-2002"; VariantName = "[No Variations]"
Add component (AddParameter): Name = "LatestRevisionNote"; Value = "Re-released for DXP Platform."; VariantName = "[No Variations]"
Add component (AddParameter): Name = "Publisher"; Value = "Altium Limited"; VariantName = "[No Variations]"
Added Component: Designator=P2(HDR1X3)
Add component. Clean all parameters for all variants
Add component (AddParameter): Name = "LatestRevisionDate"; Value = "17-Jul-2002"; VariantName = "[No Variations]"
Add component (AddParameter): Name = "LatestRevisionNote"; Value = "Re-released for DXP Platform."; VariantName = "[No Variations]"
Add component (AddParameter): Name = "Publisher"; Value = "Altium Limited"; VariantName = "[No Variations]"
Added Component: Designator=P3(HDR1X3)
Add component. Clean all parameters for all variants
Add component (AddParameter): Name = "LatestRevisionDate"; Value = "17-Jul-2002"; VariantName = "[No Variations]"
Add component (AddParameter): Name = "LatestRevisionNote"; Value = "Re-released for DXP Platform."; VariantName = "[No Variations]"
Add component (AddParameter): Name = "Publisher"; Value = "Altium Limited"; VariantName = "[No Variations]"
Added Component: Designator=P4(HDR1X5)
Add component. Clean all parameters for all variants
Add component (AddParameter): Name = "LatestRevisionDate"; Value = "17-Jul-2002"; VariantName = "[No Variations]"
Add component (AddParameter): Name = "LatestRevisionNote"; Value = "Re-released for DXP Platform."; VariantName = "[No Variations]"
Add component (AddParameter): Name = "Publisher"; Value = "Altium Limited"; VariantName = "[No Variations]"
Added Component: Designator=R1(RESC0603(1608)_N)
Add component. Clean all parameters for all variants
Add component (AddParameter): Name = "Case-EIA"; Value = "0603"; VariantName = "[No Variations]"
Add component (AddParameter): Name = "Case-Metric"; Value = "1608"; VariantName = "[No Variations]"
Add component (AddParameter): Name = "Power"; Value = "0.1 W"; VariantName = "[No Variations]"
Add component (AddParameter): Name = "Technology"; Value = "SMT"; VariantName = "[No Variations]"
Add component (AddParameter): Name = "Tolerance"; Value = "5 %"; VariantName = "[No Variations]"
Add component (AddParameter): Name = "Value"; Value = "10000.00 Ohm"; VariantName = "[No Variations]"
Added Component: Designator=R2(RESC0603(1608)_L)
Add component. Clean all parameters for all variants
Add component (AddParameter): Name = "Case-EIA"; Value = "0603"; VariantName = "[No Variations]"
Add component (AddParameter): Name = "Case-Metric"; Value = "1608"; VariantName = "[No Variations]"
Add component (AddParameter): Name = "Power"; Value = "0.1 W"; VariantName = "[No Variations]"
Add component (AddParameter): Name = "Technology"; Value = "SMT"; VariantName = "[No Variations]"
Add component (AddParameter): Name = "Tolerance"; Value = "5 %"; VariantName = "[No Variations]"
Add component (AddParameter): Name = "Value"; Value = "68.00 Ohm"; VariantName = "[No Variations]"
Added Component: Designator=R3(RESC0603(1608)_N)
Add component. Clean all parameters for all variants
Add component (AddParameter): Name = "Case-EIA"; Value = "0603"; VariantName = "[No Variations]"
Add component (AddParameter): Name = "Case-Metric"; Value = "1608"; VariantName = "[No Variations]"
Add component (AddParameter): Name = "Power"; Value = "0.1 W"; VariantName = "[No Variations]"
Add component (AddParameter): Name = "Technology"; Value = "SMT"; VariantName = "[No Variations]"
Add component (AddParameter): Name = "Tolerance"; Value = "5 %"; VariantName = "[No Variations]"
Add component (AddParameter): Name = "Value"; Value = "4700.00 Ohm"; VariantName = "[No Variations]"
Added Component: Designator=R4(RESC0603(1608)_N)
Add component. Clean all parameters for all variants
Add component (AddParameter): Name = "Case-EIA"; Value = "0603"; VariantName = "[No Variations]"
Add component (AddParameter): Name = "Case-Metric"; Value = "1608"; VariantName = "[No Variations]"
Add component (AddParameter): Name = "Power"; Value = "0.1 W"; VariantName = "[No Variations]"
Add component (AddParameter): Name = "Technology"; Value = "SMT"; VariantName = "[No Variations]"
Add component (AddParameter): Name = "Tolerance"; Value = "5 %"; VariantName = "[No Variations]"
Add component (AddParameter): Name = "Value"; Value = "4700.00 Ohm"; VariantName = "[No Variations]"
Added Component: Designator=R5(RESC0603(1608)_N)
Add component. Clean all parameters for all variants
Add component (AddParameter): Name = "Case-EIA"; Value = "0603"; VariantName = "[No Variations]"
Add component (AddParameter): Name = "Case-Metric"; Value = "1608"; VariantName = "[No Variations]"
Add component (AddParameter): Name = "Power"; Value = "None"; VariantName = "[No Variations]"
Add component (AddParameter): Name = "Technology"; Value = "SMT"; VariantName = "[No Variations]"
Add component (AddParameter): Name = "Tolerance"; Value = "None"; VariantName = "[No Variations]"
Add component (AddParameter): Name = "Value"; Value = "0.00 Ohm"; VariantName = "[No Variations]"
Added Component: Designator=R6(RESC0603(1608)_N)
Add component. Clean all parameters for all variants
Add component (AddParameter): Name = "Case-EIA"; Value = "0603"; VariantName = "[No Variations]"
Add component (AddParameter): Name = "Case-Metric"; Value = "1608"; VariantName = "[No Variations]"
Add component (AddParameter): Name = "Power"; Value = "0.1 W"; VariantName = "[No Variations]"
Add component (AddParameter): Name = "Technology"; Value = "SMT"; VariantName = "[No Variations]"
Add component (AddParameter): Name = "Tolerance"; Value = "5 %"; VariantName = "[No Variations]"
Add component (AddParameter): Name = "Value"; Value = "10000.00 Ohm"; VariantName = "[No Variations]"
Added Component: Designator=R7(RESC0603(1608)_N)
Add component. Clean all parameters for all variants
Add component (AddParameter): Name = "Case-EIA"; Value = "0603"; VariantName = "[No Variations]"
Add component (AddParameter): Name = "Case-Metric"; Value = "1608"; VariantName = "[No Variations]"
Add component (AddParameter): Name = "Power"; Value = "0.1 W"; VariantName = "[No Variations]"
Add component (AddParameter): Name = "Technology"; Value = "SMT"; VariantName = "[No Variations]"
Add component (AddParameter): Name = "Tolerance"; Value = "5 %"; VariantName = "[No Variations]"
Add component (AddParameter): Name = "Value"; Value = "10000.00 Ohm"; VariantName = "[No Variations]"
Added Component: Designator=R8(RESC0603(1608)_N)
Add component. Clean all parameters for all variants
Add component (AddParameter): Name = "Case-EIA"; Value = "0603"; VariantName = "[No Variations]"
Add component (AddParameter): Name = "Case-Metric"; Value = "1608"; VariantName = "[No Variations]"
Add component (AddParameter): Name = "Power"; Value = "0.1 W"; VariantName = "[No Variations]"
Add component (AddParameter): Name = "Technology"; Value = "SMT"; VariantName = "[No Variations]"
Add component (AddParameter): Name = "Tolerance"; Value = "5 %"; VariantName = "[No Variations]"
Add component (AddParameter): Name = "Value"; Value = "10000.00 Ohm"; VariantName = "[No Variations]"
Added Component: Designator=R9(RESC0603(1608)_N)
Add component. Clean all parameters for all variants
Add component (AddParameter): Name = "Case-EIA"; Value = "0603"; VariantName = "[No Variations]"
Add component (AddParameter): Name = "Case-Metric"; Value = "1608"; VariantName = "[No Variations]"
Add component (AddParameter): Name = "Power"; Value = "0.1 W"; VariantName = "[No Variations]"
Add component (AddParameter): Name = "Technology"; Value = "SMT"; VariantName = "[No Variations]"
Add component (AddParameter): Name = "Tolerance"; Value = "5 %"; VariantName = "[No Variations]"
Add component (AddParameter): Name = "Value"; Value = "10000.00 Ohm"; VariantName = "[No Variations]"
Added Component: Designator=R10(RESC0603(1608)_N)
Add component. Clean all parameters for all variants
Add component (AddParameter): Name = "Case-EIA"; Value = "0603"; VariantName = "[No Variations]"
Add component (AddParameter): Name = "Case-Metric"; Value = "1608"; VariantName = "[No Variations]"
Add component (AddParameter): Name = "Power"; Value = "0.1 W"; VariantName = "[No Variations]"
Add component (AddParameter): Name = "Technology"; Value = "SMT"; VariantName = "[No Variations]"
Add component (AddParameter): Name = "Tolerance"; Value = "5 %"; VariantName = "[No Variations]"
Add component (AddParameter): Name = "Value"; Value = "4700.00 Ohm"; VariantName = "[No Variations]"
Added Component: Designator=R11(BOUR-TC33X-2_V)
Add component. Clean all parameters for all variants
Add component (AddParameter): Name = "Case/Package"; Value = "SMD/SMT"; VariantName = "[No Variations]"
Add component (AddParameter): Name = "Colour"; Value = "Silver"; VariantName = "[No Variations]"
Add component (AddParameter): Name = "Composition"; Value = "Potentiometer"; VariantName = "[No Variations]"
Add component (AddParameter): Name = "Contact Plating"; Value = "Silver"; VariantName = "[No Variations]"
Add component (AddParameter): Name = "Datasheet URL"; Value = "http://www.bourns.com/docs/Product-Datasheets/TC33.pdf"; VariantName = "[No Variations]"
Add component (AddParameter): Name = "Datasheet Version"; Value = "42583.0"; VariantName = "[No Variations]"
Add component (AddParameter): Name = "Depth"; Value = "3.8mm"; VariantName = "[No Variations]"
Add component (AddParameter): Name = "Height"; Value = "0.047inch"; VariantName = "[No Variations]"
Add component (AddParameter): Name = "Lead Free"; Value = "LeadFree"; VariantName = "[No Variations]"
Add component (AddParameter): Name = "Length"; Value = "3mm"; VariantName = "[No Variations]"
Add component (AddParameter): Name = "Manufacturer"; Value = "Bourns"; VariantName = "[No Variations]"
Add component (AddParameter): Name = "Manufacturer URL"; Value = "http://www.bourns.com/"; VariantName = "[No Variations]"
Add component (AddParameter): Name = "Max Operating Temperature"; Value = "100degC"; VariantName = "[No Variations]"
Add component (AddParameter): Name = "Max Power Dissipation"; Value = "100mW"; VariantName = "[No Variations]"
Add component (AddParameter): Name = "Military Standard"; Value = "Not"; VariantName = "[No Variations]"
Add component (AddParameter): Name = "Min Operating Temperature"; Value = "-40degC"; VariantName = "[No Variations]"
Add component (AddParameter): Name = "Mount"; Value = "SurfaceMount"; VariantName = "[No Variations]"
Add component (AddParameter): Name = "Number of Turns"; Value = "1"; VariantName = "[No Variations]"
Add component (AddParameter): Name = "Package Description"; Value = "3-Pin Surface Mount Device, Body 3.8 x 3.6 mm"; VariantName = "[No Variations]"
Add component (AddParameter): Name = "Package Quantity"; Value = "2500"; VariantName = "[No Variations]"
Add component (AddParameter): Name = "Package Reference"; Value = "TC33X-2"; VariantName = "[No Variations]"
Add component (AddParameter): Name = "Packaging"; Value = "TapeandReel"; VariantName = "[No Variations]"
Add component (AddParameter): Name = "Power Rating"; Value = "100mW"; VariantName = "[No Variations]"
Add component (AddParameter): Name = "Radiation Hardening"; Value = "No"; VariantName = "[No Variations]"
Add component (AddParameter): Name = "REACH SVHC"; Value = "NoSVHC"; VariantName = "[No Variations]"
Add component (AddParameter): Name = "Resistance"; Value = "10KOhm"; VariantName = "[No Variations]"
Add component (AddParameter): Name = "RoHSCompliant"; Value = "true"; VariantName = "[No Variations]"
Add component (AddParameter): Name = "Taper"; Value = "Linear"; VariantName = "[No Variations]"
Add component (AddParameter): Name = "Temperature Coefficient"; Value = "250ppm/degreesC"; VariantName = "[No Variations]"
Add component (AddParameter): Name = "Termination"; Value = "FootPrint"; VariantName = "[No Variations]"
Add component (AddParameter): Name = "Tolerance"; Value = "25%"; VariantName = "[No Variations]"
Add component (AddParameter): Name = "Voltage Rating (DC)"; Value = "50V"; VariantName = "[No Variations]"
Add component (AddParameter): Name = "Weight"; Value = "29.4mg"; VariantName = "[No Variations]"
Add component (AddParameter): Name = "Width"; Value = "0.118inch"; VariantName = "[No Variations]"
Added Component: Designator=R12(RESC0603(1608)_N)
Add component. Clean all parameters for all variants
Add component (AddParameter): Name = "Case-EIA"; Value = "0603"; VariantName = "[No Variations]"
Add component (AddParameter): Name = "Case-Metric"; Value = "1608"; VariantName = "[No Variations]"
Add component (AddParameter): Name = "Power"; Value = "0.1 W"; VariantName = "[No Variations]"
Add component (AddParameter): Name = "Technology"; Value = "SMT"; VariantName = "[No Variations]"
Add component (AddParameter): Name = "Tolerance"; Value = "5 %"; VariantName = "[No Variations]"
Add component (AddParameter): Name = "Value"; Value = "4700.00 Ohm"; VariantName = "[No Variations]"
Added Component: Designator=R13(RESC0603(1608)_N)
Add component. Clean all parameters for all variants
Add component (AddParameter): Name = "Case-EIA"; Value = "0603"; VariantName = "[No Variations]"
Add component (AddParameter): Name = "Case-Metric"; Value = "1608"; VariantName = "[No Variations]"
Add component (AddParameter): Name = "Power"; Value = "0.1 W"; VariantName = "[No Variations]"
Add component (AddParameter): Name = "Technology"; Value = "SMT"; VariantName = "[No Variations]"
Add component (AddParameter): Name = "Tolerance"; Value = "5 %"; VariantName = "[No Variations]"
Add component (AddParameter): Name = "Value"; Value = "4700.00 Ohm"; VariantName = "[No Variations]"
Added Component: Designator=R14(RESC0603(1608)_N)
Add component. Clean all parameters for all variants
Add component (AddParameter): Name = "Case-EIA"; Value = "0603"; VariantName = "[No Variations]"
Add component (AddParameter): Name = "Case-Metric"; Value = "1608"; VariantName = "[No Variations]"
Add component (AddParameter): Name = "Power"; Value = "0.1 W"; VariantName = "[No Variations]"
Add component (AddParameter): Name = "Technology"; Value = "SMT"; VariantName = "[No Variations]"
Add component (AddParameter): Name = "Tolerance"; Value = "5 %"; VariantName = "[No Variations]"
Add component (AddParameter): Name = "Value"; Value = "4700.00 Ohm"; VariantName = "[No Variations]"
Added Component: Designator=R15(RESC0603(1608)_L)
Add component. Clean all parameters for all variants
Add component (AddParameter): Name = "Case-EIA"; Value = "0603"; VariantName = "[No Variations]"
Add component (AddParameter): Name = "Case-Metric"; Value = "1608"; VariantName = "[No Variations]"
Add component (AddParameter): Name = "Power"; Value = "0.1 W"; VariantName = "[No Variations]"
Add component (AddParameter): Name = "Technology"; Value = "SMT"; VariantName = "[No Variations]"
Add component (AddParameter): Name = "Tolerance"; Value = "5 %"; VariantName = "[No Variations]"
Add component (AddParameter): Name = "Value"; Value = "150.00 Ohm"; VariantName = "[No Variations]"
Added Component: Designator=R16(RESC0603(1608)_L)
Add component. Clean all parameters for all variants
Add component (AddParameter): Name = "Case-EIA"; Value = "0603"; VariantName = "[No Variations]"
Add component (AddParameter): Name = "Case-Metric"; Value = "1608"; VariantName = "[No Variations]"
Add component (AddParameter): Name = "Power"; Value = "0.1 W"; VariantName = "[No Variations]"
Add component (AddParameter): Name = "Technology"; Value = "SMT"; VariantName = "[No Variations]"
Add component (AddParameter): Name = "Tolerance"; Value = "5 %"; VariantName = "[No Variations]"
Add component (AddParameter): Name = "Value"; Value = "150.00 Ohm"; VariantName = "[No Variations]"
Added Component: Designator=U1(32A_M)
Add component. Clean all parameters for all variants
Add component (AddParameter): Name = "Code_JEDEC"; Value = "MS-026-ABA"; VariantName = "[No Variations]"
Add component (AddParameter): Name = "ComponentLink1Description"; Value = "Manufacturer URL"; VariantName = "[No Variations]"
Add component (AddParameter): Name = "ComponentLink1URL"; Value = "http://www.atmel.com/"; VariantName = "[No Variations]"
Add component (AddParameter): Name = "ComponentLink2Description"; Value = "ATmega48A/48PA/88A/88PA/168A/168PA/328/328P Datasheet"; VariantName = "[No Variations]"
Add component (AddParameter): Name = "ComponentLink2URL"; Value = "http://www.atmel.com/dyn/resources/prod_documents/doc8271.pdf"; VariantName = "[No Variations]"
Add component (AddParameter): Name = "ComponentLink3Description"; Value = "ATmega48A/48PA/88A/88PA/168A/168PA/328/328P Summary"; VariantName = "[No Variations]"
Add component (AddParameter): Name = "ComponentLink3URL"; Value = "http://www.atmel.com/dyn/resources/prod_documents/8271S.pdf"; VariantName = "[No Variations]"
Add component (AddParameter): Name = "DatasheetVersion"; Value = "revD, May-2011"; VariantName = "[No Variations]"
Add component (AddParameter): Name = "PackageDescription"; Value = "32-Lead, 7x7x1.0 mm Body, 0.8mm Lead Pitch, Thin Profile Plastic Quad Flat Package (TQFP)"; VariantName = "[No Variations]"
Add component (AddParameter): Name = "PackageReference"; Value = "32A"; VariantName = "[No Variations]"
Add component (AddParameter): Name = "PackageVersion"; Value = "revC, Oct-2010"; VariantName = "[No Variations]"
Add component (AddParameter): Name = "RevisionNote"; Value = "DatasheetVersion & PackageVersion updated. URLs added."; VariantName = "[No Variations]"
Added Component: Designator=U2(SOT-223-DB3_L)
Add component. Clean all parameters for all variants
Add component (AddParameter): Name = "DatasheetVersion"; Value = "revB, Feb-2008"; VariantName = "[No Variations]"
Add component (AddParameter): Name = "PackageDescription"; Value = "3-Lead Plastic Small Outline Transistor (DB) [SOT-223]"; VariantName = "[No Variations]"
Add component (AddParameter): Name = "PackageReference"; Value = "SOT-223-DB3"; VariantName = "[No Variations]"
Add component (AddParameter): Name = "PackageVersion"; Value = "revBB, Aug-2009"; VariantName = "[No Variations]"
Added Component: Designator=U3(ADA-RGB-1655_V)
Add component. Clean all parameters for all variants
Add component (AddParameter): Name = "Category"; Value = "Optoelectronics"; VariantName = "[No Variations]"
Add component (AddParameter): Name = "Color"; Value = "Red,Green,Blue(RGB)"; VariantName = "[No Variations]"
Add component (AddParameter): Name = "Configuration"; Value = "Discrete"; VariantName = "[No Variations]"
Add component (AddParameter): Name = "Controller Type"; Value = "-"; VariantName = "[No Variations]"
Add component (AddParameter): Name = "Datasheet URL"; Value = "http://datasheet.octopart.com/ADA1655-Adafruit-Industries-datasheet-32028139.pdf"; VariantName = "[No Variations]"
Add component (AddParameter): Name = "Datasheet Version"; Value = "May-13"; VariantName = "[No Variations]"
Add component (AddParameter): Name = "Family"; Value = "Addressable,Specialty"; VariantName = "[No Variations]"
Add component (AddParameter): Name = "Interface"; Value = "-"; VariantName = "[No Variations]"
Add component (AddParameter): Name = "Manufacturer"; Value = "Adafruit-Industries-LLC"; VariantName = "[No Variations]"
Add component (AddParameter): Name = "Manufacturer URL"; Value = "https://www.adafruit.com/"; VariantName = "[No Variations]"
Add component (AddParameter): Name = "Mounting Type"; Value = "SurfaceMount"; VariantName = "[No Variations]"
Add component (AddParameter): Name = "Number of LEDs"; Value = "10"; VariantName = "[No Variations]"
Add component (AddParameter): Name = "Package Description"; Value = "4-Pin Surface Mount Device, Body 5 x 5 mm"; VariantName = "[No Variations]"
Add component (AddParameter): Name = "Package Reference"; Value = "1655"; VariantName = "[No Variations]"
Add component (AddParameter): Name = "Series"; Value = "Neopixel"; VariantName = "[No Variations]"
Add component (AddParameter): Name = "Size / Dimension"; Value = "5.00mmLx5.00mmW"; VariantName = "[No Variations]"
Add component (AddParameter): Name = "Utilized LED"; Value = "WS2812(5050)"; VariantName = "[No Variations]"
Added Component: Designator=U4(ADA-RGB-1655_V)
Add component. Clean all parameters for all variants
Add component (AddParameter): Name = "Category"; Value = "Optoelectronics"; VariantName = "[No Variations]"
Add component (AddParameter): Name = "Color"; Value = "Red,Green,Blue(RGB)"; VariantName = "[No Variations]"
Add component (AddParameter): Name = "Configuration"; Value = "Discrete"; VariantName = "[No Variations]"
Add component (AddParameter): Name = "Controller Type"; Value = "-"; VariantName = "[No Variations]"
Add component (AddParameter): Name = "Datasheet URL"; Value = "http://datasheet.octopart.com/ADA1655-Adafruit-Industries-datasheet-32028139.pdf"; VariantName = "[No Variations]"
Add component (AddParameter): Name = "Datasheet Version"; Value = "May-13"; VariantName = "[No Variations]"
Add component (AddParameter): Name = "Family"; Value = "Addressable,Specialty"; VariantName = "[No Variations]"
Add component (AddParameter): Name = "Interface"; Value = "-"; VariantName = "[No Variations]"
Add component (AddParameter): Name = "Manufacturer"; Value = "Adafruit-Industries-LLC"; VariantName = "[No Variations]"
Add component (AddParameter): Name = "Manufacturer URL"; Value = "https://www.adafruit.com/"; VariantName = "[No Variations]"
Add component (AddParameter): Name = "Mounting Type"; Value = "SurfaceMount"; VariantName = "[No Variations]"
Add component (AddParameter): Name = "Number of LEDs"; Value = "10"; VariantName = "[No Variations]"
Add component (AddParameter): Name = "Package Description"; Value = "4-Pin Surface Mount Device, Body 5 x 5 mm"; VariantName = "[No Variations]"
Add component (AddParameter): Name = "Package Reference"; Value = "1655"; VariantName = "[No Variations]"
Add component (AddParameter): Name = "Series"; Value = "Neopixel"; VariantName = "[No Variations]"
Add component (AddParameter): Name = "Size / Dimension"; Value = "5.00mmLx5.00mmW"; VariantName = "[No Variations]"
Add component (AddParameter): Name = "Utilized LED"; Value = "WS2812(5050)"; VariantName = "[No Variations]"
Added Component: Designator=U5(ADA-RGB-1655_V)
Add component. Clean all parameters for all variants
Add component (AddParameter): Name = "Category"; Value = "Optoelectronics"; VariantName = "[No Variations]"
Add component (AddParameter): Name = "Color"; Value = "Red,Green,Blue(RGB)"; VariantName = "[No Variations]"
Add component (AddParameter): Name = "Configuration"; Value = "Discrete"; VariantName = "[No Variations]"
Add component (AddParameter): Name = "Controller Type"; Value = "-"; VariantName = "[No Variations]"
Add component (AddParameter): Name = "Datasheet URL"; Value = "http://datasheet.octopart.com/ADA1655-Adafruit-Industries-datasheet-32028139.pdf"; VariantName = "[No Variations]"
Add component (AddParameter): Name = "Datasheet Version"; Value = "May-13"; VariantName = "[No Variations]"
Add component (AddParameter): Name = "Family"; Value = "Addressable,Specialty"; VariantName = "[No Variations]"
Add component (AddParameter): Name = "Interface"; Value = "-"; VariantName = "[No Variations]"
Add component (AddParameter): Name = "Manufacturer"; Value = "Adafruit-Industries-LLC"; VariantName = "[No Variations]"
Add component (AddParameter): Name = "Manufacturer URL"; Value = "https://www.adafruit.com/"; VariantName = "[No Variations]"
Add component (AddParameter): Name = "Mounting Type"; Value = "SurfaceMount"; VariantName = "[No Variations]"
Add component (AddParameter): Name = "Number of LEDs"; Value = "10"; VariantName = "[No Variations]"
Add component (AddParameter): Name = "Package Description"; Value = "4-Pin Surface Mount Device, Body 5 x 5 mm"; VariantName = "[No Variations]"
Add component (AddParameter): Name = "Package Reference"; Value = "1655"; VariantName = "[No Variations]"
Add component (AddParameter): Name = "Series"; Value = "Neopixel"; VariantName = "[No Variations]"
Add component (AddParameter): Name = "Size / Dimension"; Value = "5.00mmLx5.00mmW"; VariantName = "[No Variations]"
Add component (AddParameter): Name = "Utilized LED"; Value = "WS2812(5050)"; VariantName = "[No Variations]"
Added Component: Designator=U6(ADA-RGB-1655_V)
Add component. Clean all parameters for all variants
Add component (AddParameter): Name = "Category"; Value = "Optoelectronics"; VariantName = "[No Variations]"
Add component (AddParameter): Name = "Color"; Value = "Red,Green,Blue(RGB)"; VariantName = "[No Variations]"
Add component (AddParameter): Name = "Configuration"; Value = "Discrete"; VariantName = "[No Variations]"
Add component (AddParameter): Name = "Controller Type"; Value = "-"; VariantName = "[No Variations]"
Add component (AddParameter): Name = "Datasheet URL"; Value = "http://datasheet.octopart.com/ADA1655-Adafruit-Industries-datasheet-32028139.pdf"; VariantName = "[No Variations]"
Add component (AddParameter): Name = "Datasheet Version"; Value = "May-13"; VariantName = "[No Variations]"
Add component (AddParameter): Name = "Family"; Value = "Addressable,Specialty"; VariantName = "[No Variations]"
Add component (AddParameter): Name = "Interface"; Value = "-"; VariantName = "[No Variations]"
Add component (AddParameter): Name = "Manufacturer"; Value = "Adafruit-Industries-LLC"; VariantName = "[No Variations]"
Add component (AddParameter): Name = "Manufacturer URL"; Value = "https://www.adafruit.com/"; VariantName = "[No Variations]"
Add component (AddParameter): Name = "Mounting Type"; Value = "SurfaceMount"; VariantName = "[No Variations]"
Add component (AddParameter): Name = "Number of LEDs"; Value = "10"; VariantName = "[No Variations]"
Add component (AddParameter): Name = "Package Description"; Value = "4-Pin Surface Mount Device, Body 5 x 5 mm"; VariantName = "[No Variations]"
Add component (AddParameter): Name = "Package Reference"; Value = "1655"; VariantName = "[No Variations]"
Add component (AddParameter): Name = "Series"; Value = "Neopixel"; VariantName = "[No Variations]"
Add component (AddParameter): Name = "Size / Dimension"; Value = "5.00mmLx5.00mmW"; VariantName = "[No Variations]"
Add component (AddParameter): Name = "Utilized LED"; Value = "WS2812(5050)"; VariantName = "[No Variations]"
Added Component: Designator=U7(ADA-RGB-1655_V)
Add component. Clean all parameters for all variants
Add component (AddParameter): Name = "Category"; Value = "Optoelectronics"; VariantName = "[No Variations]"
Add component (AddParameter): Name = "Color"; Value = "Red,Green,Blue(RGB)"; VariantName = "[No Variations]"
Add component (AddParameter): Name = "Configuration"; Value = "Discrete"; VariantName = "[No Variations]"
Add component (AddParameter): Name = "Controller Type"; Value = "-"; VariantName = "[No Variations]"
Add component (AddParameter): Name = "Datasheet URL"; Value = "http://datasheet.octopart.com/ADA1655-Adafruit-Industries-datasheet-32028139.pdf"; VariantName = "[No Variations]"
Add component (AddParameter): Name = "Datasheet Version"; Value = "May-13"; VariantName = "[No Variations]"
Add component (AddParameter): Name = "Family"; Value = "Addressable,Specialty"; VariantName = "[No Variations]"
Add component (AddParameter): Name = "Interface"; Value = "-"; VariantName = "[No Variations]"
Add component (AddParameter): Name = "Manufacturer"; Value = "Adafruit-Industries-LLC"; VariantName = "[No Variations]"
Add component (AddParameter): Name = "Manufacturer URL"; Value = "https://www.adafruit.com/"; VariantName = "[No Variations]"
Add component (AddParameter): Name = "Mounting Type"; Value = "SurfaceMount"; VariantName = "[No Variations]"
Add component (AddParameter): Name = "Number of LEDs"; Value = "10"; VariantName = "[No Variations]"
Add component (AddParameter): Name = "Package Description"; Value = "4-Pin Surface Mount Device, Body 5 x 5 mm"; VariantName = "[No Variations]"
Add component (AddParameter): Name = "Package Reference"; Value = "1655"; VariantName = "[No Variations]"
Add component (AddParameter): Name = "Series"; Value = "Neopixel"; VariantName = "[No Variations]"
Add component (AddParameter): Name = "Size / Dimension"; Value = "5.00mmLx5.00mmW"; VariantName = "[No Variations]"
Add component (AddParameter): Name = "Utilized LED"; Value = "WS2812(5050)"; VariantName = "[No Variations]"
Added Component: Designator=U8(ADA-RGB-1655_V)
Add component. Clean all parameters for all variants
Add component (AddParameter): Name = "Category"; Value = "Optoelectronics"; VariantName = "[No Variations]"
Add component (AddParameter): Name = "Color"; Value = "Red,Green,Blue(RGB)"; VariantName = "[No Variations]"
Add component (AddParameter): Name = "Configuration"; Value = "Discrete"; VariantName = "[No Variations]"
Add component (AddParameter): Name = "Controller Type"; Value = "-"; VariantName = "[No Variations]"
Add component (AddParameter): Name = "Datasheet URL"; Value = "http://datasheet.octopart.com/ADA1655-Adafruit-Industries-datasheet-32028139.pdf"; VariantName = "[No Variations]"
Add component (AddParameter): Name = "Datasheet Version"; Value = "May-13"; VariantName = "[No Variations]"
Add component (AddParameter): Name = "Family"; Value = "Addressable,Specialty"; VariantName = "[No Variations]"
Add component (AddParameter): Name = "Interface"; Value = "-"; VariantName = "[No Variations]"
Add component (AddParameter): Name = "Manufacturer"; Value = "Adafruit-Industries-LLC"; VariantName = "[No Variations]"
Add component (AddParameter): Name = "Manufacturer URL"; Value = "https://www.adafruit.com/"; VariantName = "[No Variations]"
Add component (AddParameter): Name = "Mounting Type"; Value = "SurfaceMount"; VariantName = "[No Variations]"
Add component (AddParameter): Name = "Number of LEDs"; Value = "10"; VariantName = "[No Variations]"
Add component (AddParameter): Name = "Package Description"; Value = "4-Pin Surface Mount Device, Body 5 x 5 mm"; VariantName = "[No Variations]"
Add component (AddParameter): Name = "Package Reference"; Value = "1655"; VariantName = "[No Variations]"
Add component (AddParameter): Name = "Series"; Value = "Neopixel"; VariantName = "[No Variations]"
Add component (AddParameter): Name = "Size / Dimension"; Value = "5.00mmLx5.00mmW"; VariantName = "[No Variations]"
Add component (AddParameter): Name = "Utilized LED"; Value = "WS2812(5050)"; VariantName = "[No Variations]"
Added Component: Designator=U9(ADA-RGB-1655_V)
Add component. Clean all parameters for all variants
Add component (AddParameter): Name = "Category"; Value = "Optoelectronics"; VariantName = "[No Variations]"
Add component (AddParameter): Name = "Color"; Value = "Red,Green,Blue(RGB)"; VariantName = "[No Variations]"
Add component (AddParameter): Name = "Configuration"; Value = "Discrete"; VariantName = "[No Variations]"
Add component (AddParameter): Name = "Controller Type"; Value = "-"; VariantName = "[No Variations]"
Add component (AddParameter): Name = "Datasheet URL"; Value = "http://datasheet.octopart.com/ADA1655-Adafruit-Industries-datasheet-32028139.pdf"; VariantName = "[No Variations]"
Add component (AddParameter): Name = "Datasheet Version"; Value = "May-13"; VariantName = "[No Variations]"
Add component (AddParameter): Name = "Family"; Value = "Addressable,Specialty"; VariantName = "[No Variations]"
Add component (AddParameter): Name = "Interface"; Value = "-"; VariantName = "[No Variations]"
Add component (AddParameter): Name = "Manufacturer"; Value = "Adafruit-Industries-LLC"; VariantName = "[No Variations]"
Add component (AddParameter): Name = "Manufacturer URL"; Value = "https://www.adafruit.com/"; VariantName = "[No Variations]"
Add component (AddParameter): Name = "Mounting Type"; Value = "SurfaceMount"; VariantName = "[No Variations]"
Add component (AddParameter): Name = "Number of LEDs"; Value = "10"; VariantName = "[No Variations]"
Add component (AddParameter): Name = "Package Description"; Value = "4-Pin Surface Mount Device, Body 5 x 5 mm"; VariantName = "[No Variations]"
Add component (AddParameter): Name = "Package Reference"; Value = "1655"; VariantName = "[No Variations]"
Add component (AddParameter): Name = "Series"; Value = "Neopixel"; VariantName = "[No Variations]"
Add component (AddParameter): Name = "Size / Dimension"; Value = "5.00mmLx5.00mmW"; VariantName = "[No Variations]"
Add component (AddParameter): Name = "Utilized LED"; Value = "WS2812(5050)"; VariantName = "[No Variations]"
Added Component: Designator=U10(ADA-RGB-1655_V)
Add component. Clean all parameters for all variants
Add component (AddParameter): Name = "Category"; Value = "Optoelectronics"; VariantName = "[No Variations]"
Add component (AddParameter): Name = "Color"; Value = "Red,Green,Blue(RGB)"; VariantName = "[No Variations]"
Add component (AddParameter): Name = "Configuration"; Value = "Discrete"; VariantName = "[No Variations]"
Add component (AddParameter): Name = "Controller Type"; Value = "-"; VariantName = "[No Variations]"
Add component (AddParameter): Name = "Datasheet URL"; Value = "http://datasheet.octopart.com/ADA1655-Adafruit-Industries-datasheet-32028139.pdf"; VariantName = "[No Variations]"
Add component (AddParameter): Name = "Datasheet Version"; Value = "May-13"; VariantName = "[No Variations]"
Add component (AddParameter): Name = "Family"; Value = "Addressable,Specialty"; VariantName = "[No Variations]"
Add component (AddParameter): Name = "Interface"; Value = "-"; VariantName = "[No Variations]"
Add component (AddParameter): Name = "Manufacturer"; Value = "Adafruit-Industries-LLC"; VariantName = "[No Variations]"
Add component (AddParameter): Name = "Manufacturer URL"; Value = "https://www.adafruit.com/"; VariantName = "[No Variations]"
Add component (AddParameter): Name = "Mounting Type"; Value = "SurfaceMount"; VariantName = "[No Variations]"
Add component (AddParameter): Name = "Number of LEDs"; Value = "10"; VariantName = "[No Variations]"
Add component (AddParameter): Name = "Package Description"; Value = "4-Pin Surface Mount Device, Body 5 x 5 mm"; VariantName = "[No Variations]"
Add component (AddParameter): Name = "Package Reference"; Value = "1655"; VariantName = "[No Variations]"
Add component (AddParameter): Name = "Series"; Value = "Neopixel"; VariantName = "[No Variations]"
Add component (AddParameter): Name = "Size / Dimension"; Value = "5.00mmLx5.00mmW"; VariantName = "[No Variations]"
Add component (AddParameter): Name = "Utilized LED"; Value = "WS2812(5050)"; VariantName = "[No Variations]"
Added Component: Designator=U11(ADA-RGB-1655_V)
Add component. Clean all parameters for all variants
Add component (AddParameter): Name = "Category"; Value = "Optoelectronics"; VariantName = "[No Variations]"
Add component (AddParameter): Name = "Color"; Value = "Red,Green,Blue(RGB)"; VariantName = "[No Variations]"
Add component (AddParameter): Name = "Configuration"; Value = "Discrete"; VariantName = "[No Variations]"
Add component (AddParameter): Name = "Controller Type"; Value = "-"; VariantName = "[No Variations]"
Add component (AddParameter): Name = "Datasheet URL"; Value = "http://datasheet.octopart.com/ADA1655-Adafruit-Industries-datasheet-32028139.pdf"; VariantName = "[No Variations]"
Add component (AddParameter): Name = "Datasheet Version"; Value = "May-13"; VariantName = "[No Variations]"
Add component (AddParameter): Name = "Family"; Value = "Addressable,Specialty"; VariantName = "[No Variations]"
Add component (AddParameter): Name = "Interface"; Value = "-"; VariantName = "[No Variations]"
Add component (AddParameter): Name = "Manufacturer"; Value = "Adafruit-Industries-LLC"; VariantName = "[No Variations]"
Add component (AddParameter): Name = "Manufacturer URL"; Value = "https://www.adafruit.com/"; VariantName = "[No Variations]"
Add component (AddParameter): Name = "Mounting Type"; Value = "SurfaceMount"; VariantName = "[No Variations]"
Add component (AddParameter): Name = "Number of LEDs"; Value = "10"; VariantName = "[No Variations]"
Add component (AddParameter): Name = "Package Description"; Value = "4-Pin Surface Mount Device, Body 5 x 5 mm"; VariantName = "[No Variations]"
Add component (AddParameter): Name = "Package Reference"; Value = "1655"; VariantName = "[No Variations]"
Add component (AddParameter): Name = "Series"; Value = "Neopixel"; VariantName = "[No Variations]"
Add component (AddParameter): Name = "Size / Dimension"; Value = "5.00mmLx5.00mmW"; VariantName = "[No Variations]"
Add component (AddParameter): Name = "Utilized LED"; Value = "WS2812(5050)"; VariantName = "[No Variations]"
Added Component: Designator=U12(ADA-RGB-1655_V)
Add component. Clean all parameters for all variants
Add component (AddParameter): Name = "Category"; Value = "Optoelectronics"; VariantName = "[No Variations]"
Add component (AddParameter): Name = "Color"; Value = "Red,Green,Blue(RGB)"; VariantName = "[No Variations]"
Add component (AddParameter): Name = "Configuration"; Value = "Discrete"; VariantName = "[No Variations]"
Add component (AddParameter): Name = "Controller Type"; Value = "-"; VariantName = "[No Variations]"
Add component (AddParameter): Name = "Datasheet URL"; Value = "http://datasheet.octopart.com/ADA1655-Adafruit-Industries-datasheet-32028139.pdf"; VariantName = "[No Variations]"
Add component (AddParameter): Name = "Datasheet Version"; Value = "May-13"; VariantName = "[No Variations]"
Add component (AddParameter): Name = "Family"; Value = "Addressable,Specialty"; VariantName = "[No Variations]"
Add component (AddParameter): Name = "Interface"; Value = "-"; VariantName = "[No Variations]"
Add component (AddParameter): Name = "Manufacturer"; Value = "Adafruit-Industries-LLC"; VariantName = "[No Variations]"
Add component (AddParameter): Name = "Manufacturer URL"; Value = "https://www.adafruit.com/"; VariantName = "[No Variations]"
Add component (AddParameter): Name = "Mounting Type"; Value = "SurfaceMount"; VariantName = "[No Variations]"
Add component (AddParameter): Name = "Number of LEDs"; Value = "10"; VariantName = "[No Variations]"
Add component (AddParameter): Name = "Package Description"; Value = "4-Pin Surface Mount Device, Body 5 x 5 mm"; VariantName = "[No Variations]"
Add component (AddParameter): Name = "Package Reference"; Value = "1655"; VariantName = "[No Variations]"
Add component (AddParameter): Name = "Series"; Value = "Neopixel"; VariantName = "[No Variations]"
Add component (AddParameter): Name = "Size / Dimension"; Value = "5.00mmLx5.00mmW"; VariantName = "[No Variations]"
Add component (AddParameter): Name = "Utilized LED"; Value = "WS2812(5050)"; VariantName = "[No Variations]"
Added Component: Designator=U13(W16-H2_L)
Add component. Clean all parameters for all variants
Add component (AddParameter): Name = "Code_IPC"; Value = "SOIC127P1030-16"; VariantName = "[No Variations]"
Add component (AddParameter): Name = "Code_JEDEC"; Value = "MS-013-AA"; VariantName = "[No Variations]"
Add component (AddParameter): Name = "ComponentLink1Description"; Value = "Manufacturer URL"; VariantName = "[No Variations]"
Add component (AddParameter): Name = "ComponentLink1URL"; Value = "http://www.maxim-ic.com"; VariantName = "[No Variations]"
Add component (AddParameter): Name = "ComponentLink2Description"; Value = "Datasheet"; VariantName = "[No Variations]"
Add component (AddParameter): Name = "ComponentLink2URL"; Value = "http://datasheets.maxim-ic.com/en/ds/DS3231.pdf"; VariantName = "[No Variations]"
Add component (AddParameter): Name = "ComponentLink3Description"; Value = "Package Specification"; VariantName = "[No Variations]"
Add component (AddParameter): Name = "ComponentLink3URL"; Value = "http://pdfserv.maxim-ic.com/package_dwgs/21-0042.PDF"; VariantName = "[No Variations]"
Add component (AddParameter): Name = "DatasheetVersion"; Value = "Rev 8, Jul-2010"; VariantName = "[No Variations]"
Add component (AddParameter): Name = "PackageDescription"; Value = "16-Pin Small-Outline IC, Wide (0.3in), 1.27 mm Pitch, SOIC (W)"; VariantName = "[No Variations]"
Add component (AddParameter): Name = "PackageReference"; Value = "W16-H2"; VariantName = "[No Variations]"
Add component (AddParameter): Name = "PackageVersion"; Value = "revD, 2010"; VariantName = "[No Variations]"
Added Component: Designator=U14(SSOP-28_L)
Add component. Clean all parameters for all variants
Add component (AddParameter): Name = "ComponentLink1Description"; Value = "Manufacturer URL"; VariantName = "[No Variations]"
Add component (AddParameter): Name = "ComponentLink1URL"; Value = "http://www.ftdichip.com/"; VariantName = "[No Variations]"
Add component (AddParameter): Name = "ComponentLink2Description"; Value = "Datasheet"; VariantName = "[No Variations]"
Add component (AddParameter): Name = "ComponentLink2URL"; Value = "http://www.ftdichip.com/Support/Documents/DataSheets/ICs/DS_FT232R.pdf"; VariantName = "[No Variations]"
Add component (AddParameter): Name = "DatasheetVersion"; Value = "ver 2.10, Mar-2012"; VariantName = "[No Variations]"
Add component (AddParameter): Name = "Manufacturer"; Value = "FTDI"; VariantName = "[No Variations]"
Add component (AddParameter): Name = "PackageDescription"; Value = "28-Pin Small Outline Package 0.65 mm Pitch"; VariantName = "[No Variations]"
Add component (AddParameter): Name = "PackageReference"; Value = "SSOP-28"; VariantName = "[No Variations]"
Add component (AddParameter): Name = "PackageVersion"; Value = "Mar-12"; VariantName = "[No Variations]"
Add component (AddParameter): Name = "PartNumber"; Value = "FT232RL-Reel"; VariantName = "[No Variations]"
Add component (AddParameter): Name = "RevisionNote"; Value = "DatasheetVersion updated to 2.10 Mar-2012"; VariantName = "[No Variations]"
Added Component: Designator=U*1(MTCH-108 SSOP)
Add component. Clean all parameters for all variants
Add component (AddParameter): Name = "ComponentLink1Description"; Value = "Datasheet"; VariantName = "[No Variations]"
Add component (AddParameter): Name = "ComponentLink1URL"; Value = "http://ww1.microchip.com/downloads/en/DeviceDoc/40001793C.pdf"; VariantName = "[No Variations]"
Added Component: Designator=X1(CTS-ATS-SM-XTAL-2)
Add component. Clean all parameters for all variants
Add component (AddParameter): Name = "ComponentLink1Description"; Value = "Manufacturer URL"; VariantName = "[No Variations]"
Add component (AddParameter): Name = "ComponentLink1URL"; Value = "http://www.ctscorp.com/"; VariantName = "[No Variations]"
Add component (AddParameter): Name = "ComponentLink2Description"; Value = "Datasheet"; VariantName = "[No Variations]"
Add component (AddParameter): Name = "ComponentLink2URL"; Value = "http://www.ctscorp.com/components/Datasheets/008-0309-0.pdf"; VariantName = "[No Variations]"
Add component (AddParameter): Name = "ComponentLink3Description"; Value = "Package Specification"; VariantName = "[No Variations]"
Add component (AddParameter): Name = "ComponentLink3URL"; Value = "http://www.ctscorp.com/components/Datasheets/008-0309-0.pdf"; VariantName = "[No Variations]"
Add component (AddParameter): Name = "Crystal Cut"; Value = "AT-Cut"; VariantName = "[No Variations]"
Add component (AddParameter): Name = "DatasheetVersion"; Value = "Rev. K"; VariantName = "[No Variations]"
Add component (AddParameter): Name = "Drive Level (Type)"; Value = "100 uW"; VariantName = "[No Variations]"
Add component (AddParameter): Name = "ESR Maximum"; Value = "40 Ohms"; VariantName = "[No Variations]"
Add component (AddParameter): Name = "Frequency"; Value = "16 MHz"; VariantName = "[No Variations]"
Add component (AddParameter): Name = "Manufacturer"; Value = "CTS Corporation"; VariantName = "[No Variations]"
Add component (AddParameter): Name = "Mounting Technology"; Value = "Surface Mount"; VariantName = "[No Variations]"
Add component (AddParameter): Name = "Operating Temperature"; Value = "-20 to 70 degC"; VariantName = "[No Variations]"
Add component (AddParameter): Name = "Oscillation Mode"; Value = "Fundamental or 3rd Overtone"; VariantName = "[No Variations]"
Add component (AddParameter): Name = "PackageDescription"; Value = "2-Pin SMD, Body 11.1 x 4.83 mm, Pitch 8.5 mm"; VariantName = "[No Variations]"
Add component (AddParameter): Name = "PackageReference"; Value = "ATS-SM-XTAL-2"; VariantName = "[No Variations]"
Add component (AddParameter): Name = "Packing"; Value = "Tape and Reel"; VariantName = "[No Variations]"
Add component (AddParameter): Name = "PartNumber"; Value = "ATS16ASM-1"; VariantName = "[No Variations]"
Add component (AddParameter): Name = "RoHS"; Value = "TRUE"; VariantName = "[No Variations]"
Add component (AddParameter): Name = "Shunt Capacitance (C0)"; Value = "7.0 pF Max"; VariantName = "[No Variations]"
Added Pin To Net: NetName=+3V3 Pin=C6-2
Added Pin To Net: NetName=+3V3 Pin=C19-2
Added Pin To Net: NetName=+3V3 Pin=R2-2
Added Pin To Net: NetName=+3V3 Pin=R6-2
Added Pin To Net: NetName=+3V3 Pin=R7-2
Added Pin To Net: NetName=+3V3 Pin=R8-2
Added Pin To Net: NetName=+3V3 Pin=R9-2
Added Pin To Net: NetName=+3V3 Pin=R11-1
Added Pin To Net: NetName=+3V3 Pin=U2-3
Added Pin To Net: NetName=+3V3 Pin=U*1-1
Added Net: Name=+3V3
Added Pin To Net: NetName=+5 Pin=C7-2
Added Pin To Net: NetName=+5 Pin=C8-2
Added Pin To Net: NetName=+5 Pin=C9-2
Added Pin To Net: NetName=+5 Pin=C10-2
Added Pin To Net: NetName=+5 Pin=C11-2
Added Pin To Net: NetName=+5 Pin=C12-2
Added Pin To Net: NetName=+5 Pin=C13-2
Added Pin To Net: NetName=+5 Pin=C14-2
Added Pin To Net: NetName=+5 Pin=C15-2
Added Pin To Net: NetName=+5 Pin=C16-2
Added Pin To Net: NetName=+5 Pin=C17-2
Added Pin To Net: NetName=+5 Pin=C18-2
Added Pin To Net: NetName=+5 Pin=C20-1
Added Pin To Net: NetName=+5 Pin=C21-2
Added Pin To Net: NetName=+5 Pin=FB1-1
Added Pin To Net: NetName=+5 Pin=ISP1-2
Added Pin To Net: NetName=+5 Pin=L1-2
Added Pin To Net: NetName=+5 Pin=P2-1
Added Pin To Net: NetName=+5 Pin=P3-3
Added Pin To Net: NetName=+5 Pin=R1-2
Added Pin To Net: NetName=+5 Pin=R3-1
Added Pin To Net: NetName=+5 Pin=R4-2
Added Pin To Net: NetName=+5 Pin=R15-2
Added Pin To Net: NetName=+5 Pin=R16-2
Added Pin To Net: NetName=+5 Pin=U1-4
Added Pin To Net: NetName=+5 Pin=U1-6
Added Pin To Net: NetName=+5 Pin=U2-1
Added Pin To Net: NetName=+5 Pin=U3-1
Added Pin To Net: NetName=+5 Pin=U4-1
Added Pin To Net: NetName=+5 Pin=U5-1
Added Pin To Net: NetName=+5 Pin=U6-1
Added Pin To Net: NetName=+5 Pin=U7-1
Added Pin To Net: NetName=+5 Pin=U8-1
Added Pin To Net: NetName=+5 Pin=U9-1
Added Pin To Net: NetName=+5 Pin=U10-1
Added Pin To Net: NetName=+5 Pin=U11-1
Added Pin To Net: NetName=+5 Pin=U12-1
Added Pin To Net: NetName=+5 Pin=U13-2
Added Pin To Net: NetName=+5 Pin=U14-4
Added Pin To Net: NetName=+5 Pin=U14-20
Added Net: Name=+5
Added Pin To Net: NetName=CS0 Pin=P4-2
Added Pin To Net: NetName=CS0 Pin=R10-1
Added Net: Name=CS0
Added Pin To Net: NetName=CS1 Pin=P4-3
Added Pin To Net: NetName=CS1 Pin=R12-1
Added Net: Name=CS1
Added Pin To Net: NetName=CS3 Pin=P4-4
Added Pin To Net: NetName=CS3 Pin=R13-1
Added Net: Name=CS3
Added Pin To Net: NetName=CS4 Pin=P4-5
Added Pin To Net: NetName=CS4 Pin=R14-1
Added Net: Name=CS4
Added Pin To Net: NetName=DTR Pin=C4-1
Added Pin To Net: NetName=DTR Pin=U14-2
Added Net: Name=DTR
Added Pin To Net: NetName=GND Pin=BT1-3
Added Pin To Net: NetName=GND Pin=C1-1
Added Pin To Net: NetName=GND Pin=C2-2
Added Pin To Net: NetName=GND Pin=C3-1
Added Pin To Net: NetName=GND Pin=C5-1
Added Pin To Net: NetName=GND Pin=C6-1
Added Pin To Net: NetName=GND Pin=C7-1
Added Pin To Net: NetName=GND Pin=C8-1
Added Pin To Net: NetName=GND Pin=C9-1
Added Pin To Net: NetName=GND Pin=C10-1
Added Pin To Net: NetName=GND Pin=C11-1
Added Pin To Net: NetName=GND Pin=C12-1
Added Pin To Net: NetName=GND Pin=C13-1
Added Pin To Net: NetName=GND Pin=C14-1
Added Pin To Net: NetName=GND Pin=C15-1
Added Pin To Net: NetName=GND Pin=C16-1
Added Pin To Net: NetName=GND Pin=C17-1
Added Pin To Net: NetName=GND Pin=C18-1
Added Pin To Net: NetName=GND Pin=C19-1
Added Pin To Net: NetName=GND Pin=C20-2
Added Pin To Net: NetName=GND Pin=C21-1
Added Pin To Net: NetName=GND Pin=C22-1
Added Pin To Net: NetName=GND Pin=C23-1
Added Pin To Net: NetName=GND Pin=ISP1-6
Added Pin To Net: NetName=GND Pin=J1-5
Added Pin To Net: NetName=GND Pin=J1-6
Added Pin To Net: NetName=GND Pin=J1-7
Added Pin To Net: NetName=GND Pin=J1-8
Added Pin To Net: NetName=GND Pin=J1-9
Added Pin To Net: NetName=GND Pin=J1-10
Added Pin To Net: NetName=GND Pin=J1-11
Added Pin To Net: NetName=GND Pin=LED1-1
Added Pin To Net: NetName=GND Pin=P2-3
Added Pin To Net: NetName=GND Pin=P3-1
Added Pin To Net: NetName=GND Pin=R5-2
Added Pin To Net: NetName=GND Pin=R11-3
Added Pin To Net: NetName=GND Pin=U1-3
Added Pin To Net: NetName=GND Pin=U1-5
Added Pin To Net: NetName=GND Pin=U1-21
Added Pin To Net: NetName=GND Pin=U2-2
Added Pin To Net: NetName=GND Pin=U2-4
Added Pin To Net: NetName=GND Pin=U3-3
Added Pin To Net: NetName=GND Pin=U4-3
Added Pin To Net: NetName=GND Pin=U5-3
Added Pin To Net: NetName=GND Pin=U6-3
Added Pin To Net: NetName=GND Pin=U7-3
Added Pin To Net: NetName=GND Pin=U8-3
Added Pin To Net: NetName=GND Pin=U9-3
Added Pin To Net: NetName=GND Pin=U10-3
Added Pin To Net: NetName=GND Pin=U11-3
Added Pin To Net: NetName=GND Pin=U12-3
Added Pin To Net: NetName=GND Pin=U13-13
Added Pin To Net: NetName=GND Pin=U14-7
Added Pin To Net: NetName=GND Pin=U14-18
Added Pin To Net: NetName=GND Pin=U14-21
Added Pin To Net: NetName=GND Pin=U14-25
Added Pin To Net: NetName=GND Pin=U14-26
Added Pin To Net: NetName=GND Pin=U*1-20
Added Net: Name=GND
Added Pin To Net: NetName=Guard Pin=P4-1
Added Pin To Net: NetName=Guard Pin=U*1-5
Added Net: Name=Guard
Added Pin To Net: NetName=MCU_MISO Pin=ISP1-1
Added Pin To Net: NetName=MCU_MISO Pin=U1-16
Added Net: Name=MCU_MISO
Added Pin To Net: NetName=MCU_MOSI Pin=ISP1-4
Added Pin To Net: NetName=MCU_MOSI Pin=U1-15
Added Net: Name=MCU_MOSI
Added Pin To Net: NetName=MCU_RESET Pin=C4-2
Added Pin To Net: NetName=MCU_RESET Pin=ISP1-5
Added Pin To Net: NetName=MCU_RESET Pin=R1-1
Added Pin To Net: NetName=MCU_RESET Pin=U1-29
Added Net: Name=MCU_RESET
Added Pin To Net: NetName=MCU_RX Pin=P1-2
Added Pin To Net: NetName=MCU_RX Pin=U1-30
Added Pin To Net: NetName=MCU_RX Pin=U14-1
Added Net: Name=MCU_RX
Added Pin To Net: NetName=MCU_SCK Pin=ISP1-3
Added Pin To Net: NetName=MCU_SCK Pin=U1-17
Added Net: Name=MCU_SCK
Added Pin To Net: NetName=MCU_TX Pin=P1-1
Added Pin To Net: NetName=MCU_TX Pin=U1-31
Added Pin To Net: NetName=MCU_TX Pin=U14-5
Added Net: Name=MCU_TX
Added Pin To Net: NetName=MTO0 Pin=R6-1
Added Pin To Net: NetName=MTO0 Pin=U*1-19
Added Net: Name=MTO0
Added Pin To Net: NetName=MTO1 Pin=R7-1
Added Pin To Net: NetName=MTO1 Pin=U*1-18
Added Net: Name=MTO1
Added Pin To Net: NetName=MTO2 Pin=R5-1
Added Pin To Net: NetName=MTO2 Pin=U*1-16
Added Net: Name=MTO2
Added Pin To Net: NetName=MTO3 Pin=R8-1
Added Pin To Net: NetName=MTO3 Pin=U*1-15
Added Net: Name=MTO3
Added Pin To Net: NetName=MTO4 Pin=R9-1
Added Pin To Net: NetName=MTO4 Pin=U*1-14
Added Net: Name=MTO4
Added Pin To Net: NetName=MTPM Pin=U1-9
Added Pin To Net: NetName=MTPM Pin=U*1-4
Added Net: Name=MTPM
Added Pin To Net: NetName=MTSA Pin=R11-2
Added Pin To Net: NetName=MTSA Pin=U*1-17
Added Net: Name=MTSA
Added Pin To Net: NetName=NetBT1_1 Pin=BT1-1
Added Pin To Net: NetName=NetBT1_1 Pin=BT1-2
Added Pin To Net: NetName=NetBT1_1 Pin=U13-14
Added Net: Name=NetBT1_1
Added Pin To Net: NetName=NetC3_2 Pin=C3-2
Added Pin To Net: NetName=NetC3_2 Pin=U1-20
Added Net: Name=NetC3_2
Added Pin To Net: NetName=NetC5_2 Pin=C5-2
Added Pin To Net: NetName=NetC5_2 Pin=L1-1
Added Pin To Net: NetName=NetC5_2 Pin=U1-18
Added Net: Name=NetC5_2
Added Pin To Net: NetName=NetC22_2 Pin=C22-2
Added Pin To Net: NetName=NetC22_2 Pin=FB1-2
Added Pin To Net: NetName=NetC22_2 Pin=J1-1
Added Net: Name=NetC22_2
Added Pin To Net: NetName=NetC23_2 Pin=C23-2
Added Pin To Net: NetName=NetC23_2 Pin=U14-17
Added Net: Name=NetC23_2
Added Pin To Net: NetName=NetLED1_2 Pin=LED1-2
Added Pin To Net: NetName=NetLED1_2 Pin=R2-1
Added Net: Name=NetLED1_2
Added Pin To Net: NetName=NetLED2_1 Pin=LED2-1
Added Pin To Net: NetName=NetLED2_1 Pin=U14-23
Added Net: Name=NetLED2_1
Added Pin To Net: NetName=NetLED2_2 Pin=LED2-2
Added Pin To Net: NetName=NetLED2_2 Pin=R15-1
Added Net: Name=NetLED2_2
Added Pin To Net: NetName=NetLED3_1 Pin=LED3-1
Added Pin To Net: NetName=NetLED3_1 Pin=R16-1
Added Net: Name=NetLED3_1
Added Pin To Net: NetName=NetLED3_2 Pin=LED3-2
Added Pin To Net: NetName=NetLED3_2 Pin=U14-22
Added Net: Name=NetLED3_2
Added Pin To Net: NetName=NetP3_2 Pin=P3-2
Added Pin To Net: NetName=NetP3_2 Pin=U12-2
Added Net: Name=NetP3_2
Added Pin To Net: NetName=NetR10_2 Pin=R10-2
Added Pin To Net: NetName=NetR10_2 Pin=U*1-2
Added Net: Name=NetR10_2
Added Pin To Net: NetName=NetR12_2 Pin=R12-2
Added Pin To Net: NetName=NetR12_2 Pin=U*1-3
Added Net: Name=NetR12_2
Added Pin To Net: NetName=NetR13_2 Pin=R13-2
Added Pin To Net: NetName=NetR13_2 Pin=U*1-6
Added Net: Name=NetR13_2
Added Pin To Net: NetName=NetR14_2 Pin=R14-2
Added Pin To Net: NetName=NetR14_2 Pin=U*1-7
Added Net: Name=NetR14_2
Added Pin To Net: NetName=NetU3_2 Pin=U3-2
Added Pin To Net: NetName=NetU3_2 Pin=U5-4
Added Net: Name=NetU3_2
Added Pin To Net: NetName=NetU4_2 Pin=U4-2
Added Pin To Net: NetName=NetU4_2 Pin=U6-4
Added Net: Name=NetU4_2
Added Pin To Net: NetName=NetU4_4 Pin=U4-4
Added Pin To Net: NetName=NetU4_4 Pin=U11-2
Added Net: Name=NetU4_4
Added Pin To Net: NetName=NetU5_2 Pin=U5-2
Added Pin To Net: NetName=NetU5_2 Pin=U7-4
Added Net: Name=NetU5_2
Added Pin To Net: NetName=NetU6_2 Pin=U6-2
Added Pin To Net: NetName=NetU6_2 Pin=U8-4
Added Net: Name=NetU6_2
Added Pin To Net: NetName=NetU7_2 Pin=U7-2
Added Pin To Net: NetName=NetU7_2 Pin=U9-4
Added Net: Name=NetU7_2
Added Pin To Net: NetName=NetU8_2 Pin=U8-2
Added Pin To Net: NetName=NetU8_2 Pin=U10-4
Added Net: Name=NetU8_2
Added Pin To Net: NetName=NetU9_2 Pin=U9-2
Added Pin To Net: NetName=NetU9_2 Pin=U11-4
Added Net: Name=NetU9_2
Added Pin To Net: NetName=NetU10_2 Pin=U10-2
Added Pin To Net: NetName=NetU10_2 Pin=U12-4
Added Net: Name=NetU10_2
Added Pin To Net: NetName=PIXELS Pin=P2-2
Added Pin To Net: NetName=PIXELS Pin=U1-10
Added Pin To Net: NetName=PIXELS Pin=U3-4
Added Net: Name=PIXELS
Added Pin To Net: NetName=SCL Pin=R3-2
Added Pin To Net: NetName=SCL Pin=U1-28
Added Pin To Net: NetName=SCL Pin=U13-16
Added Net: Name=SCL
Added Pin To Net: NetName=SDA Pin=R4-1
Added Pin To Net: NetName=SDA Pin=U1-27
Added Pin To Net: NetName=SDA Pin=U13-15
Added Net: Name=SDA
Added Pin To Net: NetName=USB_N Pin=J1-2
Added Pin To Net: NetName=USB_N Pin=U14-16
Added Net: Name=USB_N
Added Pin To Net: NetName=USB_P Pin=J1-3
Added Pin To Net: NetName=USB_P Pin=U14-15
Added Net: Name=USB_P
Added Pin To Net: NetName=X1_16MHz Pin=C1-2
Added Pin To Net: NetName=X1_16MHz Pin=U1-7
Added Pin To Net: NetName=X1_16MHz Pin=X1-1
Added Net: Name=X1_16MHz
Added Pin To Net: NetName=X2_16MHz Pin=C2-1
Added Pin To Net: NetName=X2_16MHz Pin=U1-8
Added Pin To Net: NetName=X2_16MHz Pin=X1-2
Added Net: Name=X2_16MHz
Added Class: Name=Control
Added Class: Name=LEDs
Added Class: Name=RTC
Added Class: Name=Touch
Added Class: Name=USB
Added Differential Pair: Name=USB
Added Rule: Name=Schematic Differential Pairs Routing
Added Rule: Name=Schematic Differential Pairs Routing_1
Added Class: Name=USB_N
Added Class: Name=USB_P
